<?xml version="1.0" encoding="UTF-8"?>
<?totaltestVersion 19.1.1.v20180612-1335_7?>
<!--Topaz for Total Test 19.1.1.v20180612-1335_7 Sep 5, 2018 10:51:36 AM-->
<testsuites>
  <testsuite errors="0" failures="0" name="DEMO.CWAFCOBX_Scenario.00001: CWAFCOBXCase1" tests="4">
    <testcase classname="DEMO.CWAFCOBX_Scenario.00001: CWAFCOBXCase1" name="00001: Check for PARM_LTH"/>
    <testcase classname="DEMO.CWAFCOBX_Scenario.00001: CWAFCOBXCase1" name="00002: Check for PARM_DATA"/>
    <testcase classname="DEMO.CWAFCOBX_Scenario.00001: CWAFCOBXCase1" name="00003: Check for GRAND_TOTAL"/>
    <testcase classname="DEMO.CWAFCOBX_Scenario.00001: CWAFCOBXCase1" name="00004: Check for TOTAL_RECORD"/>
  </testsuite>
  <testsuite errors="0" failures="1" name="DEMO.CWAFCOBX_Scenario.00001: CWAFCOBXCase1.CWAFCOBX_CWAFDATE.00001: CWAFDATE assertion" tests="3">
    <testcase classname="DEMO.CWAFCOBX_Scenario.00001: CWAFCOBXCase1.CWAFCOBX_CWAFDATE.00001: CWAFDATE assertion" name="00001: END_OF_MONTH_SW"/>
    <testcase classname="DEMO.CWAFCOBX_Scenario.00001: CWAFCOBXCase1.CWAFCOBX_CWAFDATE.00001: CWAFDATE assertion" name="00002: YRS_OF_SERVICE"/>
    <testcase classname="DEMO.CWAFCOBX_Scenario.00001: CWAFCOBXCase1.CWAFCOBX_CWAFDATE.00001: CWAFDATE assertion" name="00003: TODAYS_DATE">
      <failure>TODAYS_DATE failed

Actual Value:    180905

Expected Value:  180726</failure>
    </testcase>
  </testsuite>
  <testsuite errors="0" failures="1" name="DEMO.CWAFCOBX_Scenario.00001: CWAFCOBXCase1.CWAFCOBX_CWAFDATE.00002: CWAFDATE assertion" tests="9">
    <testcase classname="DEMO.CWAFCOBX_Scenario.00001: CWAFCOBXCase1.CWAFCOBX_CWAFDATE.00002: CWAFDATE assertion" name="00001: END_OF_MONTH_SW"/>
    <testcase classname="DEMO.CWAFCOBX_Scenario.00001: CWAFCOBXCase1.CWAFCOBX_CWAFDATE.00002: CWAFDATE assertion" name="00002: YRS_OF_SERVICE"/>
    <testcase classname="DEMO.CWAFCOBX_Scenario.00001: CWAFCOBXCase1.CWAFCOBX_CWAFDATE.00002: CWAFDATE assertion" name="00003: TODAYS_DATE"/>
    <testcase classname="DEMO.CWAFCOBX_Scenario.00001: CWAFCOBXCase1.CWAFCOBX_CWAFDATE.00002: CWAFDATE assertion" name="00004: WA_EMP_HIRE_YY"/>
    <testcase classname="DEMO.CWAFCOBX_Scenario.00001: CWAFCOBXCase1.CWAFCOBX_CWAFDATE.00002: CWAFDATE assertion" name="00005: WA_EMP_HIRE_MM"/>
    <testcase classname="DEMO.CWAFCOBX_Scenario.00001: CWAFCOBXCase1.CWAFCOBX_CWAFDATE.00002: CWAFDATE assertion" name="00006: WA_EMP_HIRE_DD"/>
  </testsuite>
  <testsuite errors="0" failures="1" name="DEMO.CWAFCOBX_Scenario.00001: CWAFCOBXCase1.CWAFCOBX_CWAFDATE.00003: CWAFDATE assertion" tests="15">
    <testcase classname="DEMO.CWAFCOBX_Scenario.00001: CWAFCOBXCase1.CWAFCOBX_CWAFDATE.00003: CWAFDATE assertion" name="00001: END_OF_MONTH_SW"/>
    <testcase classname="DEMO.CWAFCOBX_Scenario.00001: CWAFCOBXCase1.CWAFCOBX_CWAFDATE.00003: CWAFDATE assertion" name="00002: YRS_OF_SERVICE"/>
    <testcase classname="DEMO.CWAFCOBX_Scenario.00001: CWAFCOBXCase1.CWAFCOBX_CWAFDATE.00003: CWAFDATE assertion" name="00003: TODAYS_DATE"/>
    <testcase classname="DEMO.CWAFCOBX_Scenario.00001: CWAFCOBXCase1.CWAFCOBX_CWAFDATE.00003: CWAFDATE assertion" name="00004: WA_EMP_HIRE_YY"/>
    <testcase classname="DEMO.CWAFCOBX_Scenario.00001: CWAFCOBXCase1.CWAFCOBX_CWAFDATE.00003: CWAFDATE assertion" name="00005: WA_EMP_HIRE_MM"/>
    <testcase classname="DEMO.CWAFCOBX_Scenario.00001: CWAFCOBXCase1.CWAFCOBX_CWAFDATE.00003: CWAFDATE assertion" name="00006: WA_EMP_HIRE_DD"/>
  </testsuite>
  <testsuite errors="0" failures="1" name="DEMO.CWAFCOBX_Scenario.00001: CWAFCOBXCase1.CWAFCOBX_CWAFDATE.00004: CWAFDATE assertion" tests="21">
    <testcase classname="DEMO.CWAFCOBX_Scenario.00001: CWAFCOBXCase1.CWAFCOBX_CWAFDATE.00004: CWAFDATE assertion" name="00001: END_OF_MONTH_SW"/>
    <testcase classname="DEMO.CWAFCOBX_Scenario.00001: CWAFCOBXCase1.CWAFCOBX_CWAFDATE.00004: CWAFDATE assertion" name="00002: YRS_OF_SERVICE"/>
    <testcase classname="DEMO.CWAFCOBX_Scenario.00001: CWAFCOBXCase1.CWAFCOBX_CWAFDATE.00004: CWAFDATE assertion" name="00003: TODAYS_DATE"/>
    <testcase classname="DEMO.CWAFCOBX_Scenario.00001: CWAFCOBXCase1.CWAFCOBX_CWAFDATE.00004: CWAFDATE assertion" name="00004: WA_EMP_HIRE_YY"/>
    <testcase classname="DEMO.CWAFCOBX_Scenario.00001: CWAFCOBXCase1.CWAFCOBX_CWAFDATE.00004: CWAFDATE assertion" name="00005: WA_EMP_HIRE_MM"/>
    <testcase classname="DEMO.CWAFCOBX_Scenario.00001: CWAFCOBXCase1.CWAFCOBX_CWAFDATE.00004: CWAFDATE assertion" name="00006: WA_EMP_HIRE_DD"/>
  </testsuite>
  <testsuite errors="0" failures="1" name="DEMO.CWAFCOBX_Scenario.00001: CWAFCOBXCase1.CWAFCOBX_CWAFDATE.00005: CWAFDATE assertion" tests="27">
    <testcase classname="DEMO.CWAFCOBX_Scenario.00001: CWAFCOBXCase1.CWAFCOBX_CWAFDATE.00005: CWAFDATE assertion" name="00001: END_OF_MONTH_SW"/>
    <testcase classname="DEMO.CWAFCOBX_Scenario.00001: CWAFCOBXCase1.CWAFCOBX_CWAFDATE.00005: CWAFDATE assertion" name="00002: YRS_OF_SERVICE"/>
    <testcase classname="DEMO.CWAFCOBX_Scenario.00001: CWAFCOBXCase1.CWAFCOBX_CWAFDATE.00005: CWAFDATE assertion" name="00003: TODAYS_DATE"/>
    <testcase classname="DEMO.CWAFCOBX_Scenario.00001: CWAFCOBXCase1.CWAFCOBX_CWAFDATE.00005: CWAFDATE assertion" name="00004: WA_EMP_HIRE_YY"/>
    <testcase classname="DEMO.CWAFCOBX_Scenario.00001: CWAFCOBXCase1.CWAFCOBX_CWAFDATE.00005: CWAFDATE assertion" name="00005: WA_EMP_HIRE_MM"/>
    <testcase classname="DEMO.CWAFCOBX_Scenario.00001: CWAFCOBXCase1.CWAFCOBX_CWAFDATE.00005: CWAFDATE assertion" name="00006: WA_EMP_HIRE_DD"/>
  </testsuite>
  <testsuite errors="0" failures="1" name="DEMO.CWAFCOBX_Scenario.00001: CWAFCOBXCase1.CWAFCOBX_CWAFDATE.00006: CWAFDATE assertion" tests="33">
    <testcase classname="DEMO.CWAFCOBX_Scenario.00001: CWAFCOBXCase1.CWAFCOBX_CWAFDATE.00006: CWAFDATE assertion" name="00001: END_OF_MONTH_SW"/>
    <testcase classname="DEMO.CWAFCOBX_Scenario.00001: CWAFCOBXCase1.CWAFCOBX_CWAFDATE.00006: CWAFDATE assertion" name="00002: YRS_OF_SERVICE"/>
    <testcase classname="DEMO.CWAFCOBX_Scenario.00001: CWAFCOBXCase1.CWAFCOBX_CWAFDATE.00006: CWAFDATE assertion" name="00003: TODAYS_DATE"/>
    <testcase classname="DEMO.CWAFCOBX_Scenario.00001: CWAFCOBXCase1.CWAFCOBX_CWAFDATE.00006: CWAFDATE assertion" name="00004: WA_EMP_HIRE_YY"/>
    <testcase classname="DEMO.CWAFCOBX_Scenario.00001: CWAFCOBXCase1.CWAFCOBX_CWAFDATE.00006: CWAFDATE assertion" name="00005: WA_EMP_HIRE_MM"/>
    <testcase classname="DEMO.CWAFCOBX_Scenario.00001: CWAFCOBXCase1.CWAFCOBX_CWAFDATE.00006: CWAFDATE assertion" name="00006: WA_EMP_HIRE_DD"/>
  </testsuite>
  <testsuite errors="0" failures="1" name="DEMO.CWAFCOBX_Scenario.00001: CWAFCOBXCase1.CWAFCOBX_CWAFDATE.00007: CWAFDATE assertion" tests="39">
    <testcase classname="DEMO.CWAFCOBX_Scenario.00001: CWAFCOBXCase1.CWAFCOBX_CWAFDATE.00007: CWAFDATE assertion" name="00001: END_OF_MONTH_SW"/>
    <testcase classname="DEMO.CWAFCOBX_Scenario.00001: CWAFCOBXCase1.CWAFCOBX_CWAFDATE.00007: CWAFDATE assertion" name="00002: YRS_OF_SERVICE"/>
    <testcase classname="DEMO.CWAFCOBX_Scenario.00001: CWAFCOBXCase1.CWAFCOBX_CWAFDATE.00007: CWAFDATE assertion" name="00003: TODAYS_DATE"/>
    <testcase classname="DEMO.CWAFCOBX_Scenario.00001: CWAFCOBXCase1.CWAFCOBX_CWAFDATE.00007: CWAFDATE assertion" name="00004: WA_EMP_HIRE_YY"/>
    <testcase classname="DEMO.CWAFCOBX_Scenario.00001: CWAFCOBXCase1.CWAFCOBX_CWAFDATE.00007: CWAFDATE assertion" name="00005: WA_EMP_HIRE_MM"/>
    <testcase classname="DEMO.CWAFCOBX_Scenario.00001: CWAFCOBXCase1.CWAFCOBX_CWAFDATE.00007: CWAFDATE assertion" name="00006: WA_EMP_HIRE_DD"/>
  </testsuite>
  <testsuite errors="0" failures="1" name="DEMO.CWAFCOBX_Scenario.00001: CWAFCOBXCase1.CWAFCOBX_CWAFDATE.00008: CWAFDATE assertion" tests="45">
    <testcase classname="DEMO.CWAFCOBX_Scenario.00001: CWAFCOBXCase1.CWAFCOBX_CWAFDATE.00008: CWAFDATE assertion" name="00001: END_OF_MONTH_SW"/>
    <testcase classname="DEMO.CWAFCOBX_Scenario.00001: CWAFCOBXCase1.CWAFCOBX_CWAFDATE.00008: CWAFDATE assertion" name="00002: YRS_OF_SERVICE"/>
    <testcase classname="DEMO.CWAFCOBX_Scenario.00001: CWAFCOBXCase1.CWAFCOBX_CWAFDATE.00008: CWAFDATE assertion" name="00003: TODAYS_DATE"/>
    <testcase classname="DEMO.CWAFCOBX_Scenario.00001: CWAFCOBXCase1.CWAFCOBX_CWAFDATE.00008: CWAFDATE assertion" name="00004: WA_EMP_HIRE_YY"/>
    <testcase classname="DEMO.CWAFCOBX_Scenario.00001: CWAFCOBXCase1.CWAFCOBX_CWAFDATE.00008: CWAFDATE assertion" name="00005: WA_EMP_HIRE_MM"/>
    <testcase classname="DEMO.CWAFCOBX_Scenario.00001: CWAFCOBXCase1.CWAFCOBX_CWAFDATE.00008: CWAFDATE assertion" name="00006: WA_EMP_HIRE_DD"/>
  </testsuite>
  <testsuite errors="0" failures="1" name="DEMO.CWAFCOBX_Scenario.00001: CWAFCOBXCase1.CWAFCOBX_CWAFDATE.00009: CWAFDATE assertion" tests="51">
    <testcase classname="DEMO.CWAFCOBX_Scenario.00001: CWAFCOBXCase1.CWAFCOBX_CWAFDATE.00009: CWAFDATE assertion" name="00001: END_OF_MONTH_SW"/>
    <testcase classname="DEMO.CWAFCOBX_Scenario.00001: CWAFCOBXCase1.CWAFCOBX_CWAFDATE.00009: CWAFDATE assertion" name="00002: YRS_OF_SERVICE"/>
    <testcase classname="DEMO.CWAFCOBX_Scenario.00001: CWAFCOBXCase1.CWAFCOBX_CWAFDATE.00009: CWAFDATE assertion" name="00003: TODAYS_DATE"/>
    <testcase classname="DEMO.CWAFCOBX_Scenario.00001: CWAFCOBXCase1.CWAFCOBX_CWAFDATE.00009: CWAFDATE assertion" name="00004: WA_EMP_HIRE_YY"/>
    <testcase classname="DEMO.CWAFCOBX_Scenario.00001: CWAFCOBXCase1.CWAFCOBX_CWAFDATE.00009: CWAFDATE assertion" name="00005: WA_EMP_HIRE_MM"/>
    <testcase classname="DEMO.CWAFCOBX_Scenario.00001: CWAFCOBXCase1.CWAFCOBX_CWAFDATE.00009: CWAFDATE assertion" name="00006: WA_EMP_HIRE_DD"/>
  </testsuite>
  <testsuite errors="0" failures="1" name="DEMO.CWAFCOBX_Scenario.00001: CWAFCOBXCase1.CWAFCOBX_CWAFDATE.00010: CWAFDATE assertion" tests="57">
    <testcase classname="DEMO.CWAFCOBX_Scenario.00001: CWAFCOBXCase1.CWAFCOBX_CWAFDATE.00010: CWAFDATE assertion" name="00001: END_OF_MONTH_SW"/>
    <testcase classname="DEMO.CWAFCOBX_Scenario.00001: CWAFCOBXCase1.CWAFCOBX_CWAFDATE.00010: CWAFDATE assertion" name="00002: YRS_OF_SERVICE"/>
    <testcase classname="DEMO.CWAFCOBX_Scenario.00001: CWAFCOBXCase1.CWAFCOBX_CWAFDATE.00010: CWAFDATE assertion" name="00003: TODAYS_DATE"/>
    <testcase classname="DEMO.CWAFCOBX_Scenario.00001: CWAFCOBXCase1.CWAFCOBX_CWAFDATE.00010: CWAFDATE assertion" name="00004: WA_EMP_HIRE_YY"/>
    <testcase classname="DEMO.CWAFCOBX_Scenario.00001: CWAFCOBXCase1.CWAFCOBX_CWAFDATE.00010: CWAFDATE assertion" name="00005: WA_EMP_HIRE_MM"/>
    <testcase classname="DEMO.CWAFCOBX_Scenario.00001: CWAFCOBXCase1.CWAFCOBX_CWAFDATE.00010: CWAFDATE assertion" name="00006: WA_EMP_HIRE_DD"/>
  </testsuite>
  <testsuite errors="0" failures="1" name="DEMO.CWAFCOBX_Scenario.00001: CWAFCOBXCase1.CWAFCOBX_CWAFDATE.00011: CWAFDATE assertion" tests="63">
    <testcase classname="DEMO.CWAFCOBX_Scenario.00001: CWAFCOBXCase1.CWAFCOBX_CWAFDATE.00011: CWAFDATE assertion" name="00001: END_OF_MONTH_SW"/>
    <testcase classname="DEMO.CWAFCOBX_Scenario.00001: CWAFCOBXCase1.CWAFCOBX_CWAFDATE.00011: CWAFDATE assertion" name="00002: YRS_OF_SERVICE"/>
    <testcase classname="DEMO.CWAFCOBX_Scenario.00001: CWAFCOBXCase1.CWAFCOBX_CWAFDATE.00011: CWAFDATE assertion" name="00003: TODAYS_DATE"/>
    <testcase classname="DEMO.CWAFCOBX_Scenario.00001: CWAFCOBXCase1.CWAFCOBX_CWAFDATE.00011: CWAFDATE assertion" name="00004: WA_EMP_HIRE_YY"/>
    <testcase classname="DEMO.CWAFCOBX_Scenario.00001: CWAFCOBXCase1.CWAFCOBX_CWAFDATE.00011: CWAFDATE assertion" name="00005: WA_EMP_HIRE_MM"/>
    <testcase classname="DEMO.CWAFCOBX_Scenario.00001: CWAFCOBXCase1.CWAFCOBX_CWAFDATE.00011: CWAFDATE assertion" name="00006: WA_EMP_HIRE_DD"/>
  </testsuite>
  <testsuite errors="0" failures="1" name="DEMO.CWAFCOBX_Scenario.00001: CWAFCOBXCase1.CWAFCOBX_CWAFDATE.00012: CWAFDATE assertion" tests="69">
    <testcase classname="DEMO.CWAFCOBX_Scenario.00001: CWAFCOBXCase1.CWAFCOBX_CWAFDATE.00012: CWAFDATE assertion" name="00001: END_OF_MONTH_SW"/>
    <testcase classname="DEMO.CWAFCOBX_Scenario.00001: CWAFCOBXCase1.CWAFCOBX_CWAFDATE.00012: CWAFDATE assertion" name="00002: YRS_OF_SERVICE"/>
    <testcase classname="DEMO.CWAFCOBX_Scenario.00001: CWAFCOBXCase1.CWAFCOBX_CWAFDATE.00012: CWAFDATE assertion" name="00003: TODAYS_DATE"/>
    <testcase classname="DEMO.CWAFCOBX_Scenario.00001: CWAFCOBXCase1.CWAFCOBX_CWAFDATE.00012: CWAFDATE assertion" name="00004: WA_EMP_HIRE_YY"/>
    <testcase classname="DEMO.CWAFCOBX_Scenario.00001: CWAFCOBXCase1.CWAFCOBX_CWAFDATE.00012: CWAFDATE assertion" name="00005: WA_EMP_HIRE_MM"/>
    <testcase classname="DEMO.CWAFCOBX_Scenario.00001: CWAFCOBXCase1.CWAFCOBX_CWAFDATE.00012: CWAFDATE assertion" name="00006: WA_EMP_HIRE_DD"/>
  </testsuite>
  <testsuite errors="0" failures="1" name="DEMO.CWAFCOBX_Scenario.00001: CWAFCOBXCase1.CWAFCOBX_CWAFDATE.00013: CWAFDATE assertion" tests="75">
    <testcase classname="DEMO.CWAFCOBX_Scenario.00001: CWAFCOBXCase1.CWAFCOBX_CWAFDATE.00013: CWAFDATE assertion" name="00001: END_OF_MONTH_SW"/>
    <testcase classname="DEMO.CWAFCOBX_Scenario.00001: CWAFCOBXCase1.CWAFCOBX_CWAFDATE.00013: CWAFDATE assertion" name="00002: YRS_OF_SERVICE"/>
    <testcase classname="DEMO.CWAFCOBX_Scenario.00001: CWAFCOBXCase1.CWAFCOBX_CWAFDATE.00013: CWAFDATE assertion" name="00003: TODAYS_DATE"/>
    <testcase classname="DEMO.CWAFCOBX_Scenario.00001: CWAFCOBXCase1.CWAFCOBX_CWAFDATE.00013: CWAFDATE assertion" name="00004: WA_EMP_HIRE_YY"/>
    <testcase classname="DEMO.CWAFCOBX_Scenario.00001: CWAFCOBXCase1.CWAFCOBX_CWAFDATE.00013: CWAFDATE assertion" name="00005: WA_EMP_HIRE_MM"/>
    <testcase classname="DEMO.CWAFCOBX_Scenario.00001: CWAFCOBXCase1.CWAFCOBX_CWAFDATE.00013: CWAFDATE assertion" name="00006: WA_EMP_HIRE_DD"/>
  </testsuite>
  <testsuite errors="0" failures="1" name="DEMO.CWAFCOBX_Scenario.00001: CWAFCOBXCase1.CWAFCOBX_CWAFDATE.00014: CWAFDATE assertion" tests="81">
    <testcase classname="DEMO.CWAFCOBX_Scenario.00001: CWAFCOBXCase1.CWAFCOBX_CWAFDATE.00014: CWAFDATE assertion" name="00001: END_OF_MONTH_SW"/>
    <testcase classname="DEMO.CWAFCOBX_Scenario.00001: CWAFCOBXCase1.CWAFCOBX_CWAFDATE.00014: CWAFDATE assertion" name="00002: YRS_OF_SERVICE"/>
    <testcase classname="DEMO.CWAFCOBX_Scenario.00001: CWAFCOBXCase1.CWAFCOBX_CWAFDATE.00014: CWAFDATE assertion" name="00003: TODAYS_DATE"/>
    <testcase classname="DEMO.CWAFCOBX_Scenario.00001: CWAFCOBXCase1.CWAFCOBX_CWAFDATE.00014: CWAFDATE assertion" name="00004: WA_EMP_HIRE_YY"/>
    <testcase classname="DEMO.CWAFCOBX_Scenario.00001: CWAFCOBXCase1.CWAFCOBX_CWAFDATE.00014: CWAFDATE assertion" name="00005: WA_EMP_HIRE_MM"/>
    <testcase classname="DEMO.CWAFCOBX_Scenario.00001: CWAFCOBXCase1.CWAFCOBX_CWAFDATE.00014: CWAFDATE assertion" name="00006: WA_EMP_HIRE_DD"/>
  </testsuite>
  <testsuite errors="0" failures="0" name="DEMO.CWAFCOBX_Scenario.00001: CWAFCOBXCase1.CWAFCOBX_CWAFSUBC.00001: CWAFSUBC assertion" tests="3">
    <testcase classname="DEMO.CWAFCOBX_Scenario.00001: CWAFCOBXCase1.CWAFCOBX_CWAFSUBC.00001: CWAFSUBC assertion" name="00001: EMP_TYPE"/>
    <testcase classname="DEMO.CWAFCOBX_Scenario.00001: CWAFCOBXCase1.CWAFCOBX_CWAFSUBC.00001: CWAFSUBC assertion" name="00002: CALC_SALES"/>
    <testcase classname="DEMO.CWAFCOBX_Scenario.00001: CWAFCOBXCase1.CWAFCOBX_CWAFSUBC.00001: CWAFSUBC assertion" name="00003: CALC_COMMISSION"/>
  </testsuite>
  <testsuite errors="0" failures="0" name="DEMO.CWAFCOBX_Scenario.00001: CWAFCOBXCase1.CWAFCOBX_CWAFSUBC.00002: CWAFSUBC assertion" tests="6">
    <testcase classname="DEMO.CWAFCOBX_Scenario.00001: CWAFCOBXCase1.CWAFCOBX_CWAFSUBC.00002: CWAFSUBC assertion" name="00001: EMP_TYPE"/>
    <testcase classname="DEMO.CWAFCOBX_Scenario.00001: CWAFCOBXCase1.CWAFCOBX_CWAFSUBC.00002: CWAFSUBC assertion" name="00002: CALC_SALES"/>
    <testcase classname="DEMO.CWAFCOBX_Scenario.00001: CWAFCOBXCase1.CWAFCOBX_CWAFSUBC.00002: CWAFSUBC assertion" name="00003: CALC_COMMISSION"/>
  </testsuite>
  <testsuite errors="0" failures="0" name="DEMO.CWAFCOBX_Scenario.00001: CWAFCOBXCase1.CWAFCOBX_CWAFSUBC.00003: CWAFSUBC assertion" tests="9">
    <testcase classname="DEMO.CWAFCOBX_Scenario.00001: CWAFCOBXCase1.CWAFCOBX_CWAFSUBC.00003: CWAFSUBC assertion" name="00001: EMP_TYPE"/>
    <testcase classname="DEMO.CWAFCOBX_Scenario.00001: CWAFCOBXCase1.CWAFCOBX_CWAFSUBC.00003: CWAFSUBC assertion" name="00002: CALC_SALES"/>
    <testcase classname="DEMO.CWAFCOBX_Scenario.00001: CWAFCOBXCase1.CWAFCOBX_CWAFSUBC.00003: CWAFSUBC assertion" name="00003: CALC_COMMISSION"/>
  </testsuite>
  <testsuite errors="0" failures="0" name="DEMO.CWAFCOBX_Scenario.00001: CWAFCOBXCase1.CWAFCOBX_CWAFSUBC.00004: CWAFSUBC assertion" tests="12">
    <testcase classname="DEMO.CWAFCOBX_Scenario.00001: CWAFCOBXCase1.CWAFCOBX_CWAFSUBC.00004: CWAFSUBC assertion" name="00001: EMP_TYPE"/>
    <testcase classname="DEMO.CWAFCOBX_Scenario.00001: CWAFCOBXCase1.CWAFCOBX_CWAFSUBC.00004: CWAFSUBC assertion" name="00002: CALC_SALES"/>
    <testcase classname="DEMO.CWAFCOBX_Scenario.00001: CWAFCOBXCase1.CWAFCOBX_CWAFSUBC.00004: CWAFSUBC assertion" name="00003: CALC_COMMISSION"/>
  </testsuite>
  <testsuite errors="0" failures="0" name="DEMO.CWAFCOBX_Scenario.00001: CWAFCOBXCase1.CWAFCOBX_CWAFSUBC.00005: CWAFSUBC assertion" tests="15">
    <testcase classname="DEMO.CWAFCOBX_Scenario.00001: CWAFCOBXCase1.CWAFCOBX_CWAFSUBC.00005: CWAFSUBC assertion" name="00001: EMP_TYPE"/>
    <testcase classname="DEMO.CWAFCOBX_Scenario.00001: CWAFCOBXCase1.CWAFCOBX_CWAFSUBC.00005: CWAFSUBC assertion" name="00002: CALC_SALES"/>
    <testcase classname="DEMO.CWAFCOBX_Scenario.00001: CWAFCOBXCase1.CWAFCOBX_CWAFSUBC.00005: CWAFSUBC assertion" name="00003: CALC_COMMISSION"/>
  </testsuite>
  <testsuite errors="0" failures="0" name="DEMO.CWAFCOBX_Scenario.00001: CWAFCOBXCase1.CWAFCOBX_CWAFSUBC.00006: CWAFSUBC assertion" tests="18">
    <testcase classname="DEMO.CWAFCOBX_Scenario.00001: CWAFCOBXCase1.CWAFCOBX_CWAFSUBC.00006: CWAFSUBC assertion" name="00001: EMP_TYPE"/>
    <testcase classname="DEMO.CWAFCOBX_Scenario.00001: CWAFCOBXCase1.CWAFCOBX_CWAFSUBC.00006: CWAFSUBC assertion" name="00002: CALC_SALES"/>
    <testcase classname="DEMO.CWAFCOBX_Scenario.00001: CWAFCOBXCase1.CWAFCOBX_CWAFSUBC.00006: CWAFSUBC assertion" name="00003: CALC_COMMISSION"/>
  </testsuite>
  <testsuite errors="0" failures="0" name="DEMO.CWAFCOBX_Scenario.00001: CWAFCOBXCase1.CWAFCOBX_CWAFSUBC.00007: CWAFSUBC assertion" tests="21">
    <testcase classname="DEMO.CWAFCOBX_Scenario.00001: CWAFCOBXCase1.CWAFCOBX_CWAFSUBC.00007: CWAFSUBC assertion" name="00001: EMP_TYPE"/>
    <testcase classname="DEMO.CWAFCOBX_Scenario.00001: CWAFCOBXCase1.CWAFCOBX_CWAFSUBC.00007: CWAFSUBC assertion" name="00002: CALC_SALES"/>
    <testcase classname="DEMO.CWAFCOBX_Scenario.00001: CWAFCOBXCase1.CWAFCOBX_CWAFSUBC.00007: CWAFSUBC assertion" name="00003: CALC_COMMISSION"/>
  </testsuite>
  <testsuite errors="0" failures="0" name="DEMO.CWAFCOBX_Scenario.00001: CWAFCOBXCase1.CWAFCOBX_CWAFSUBC.00008: CWAFSUBC assertion" tests="24">
    <testcase classname="DEMO.CWAFCOBX_Scenario.00001: CWAFCOBXCase1.CWAFCOBX_CWAFSUBC.00008: CWAFSUBC assertion" name="00001: EMP_TYPE"/>
    <testcase classname="DEMO.CWAFCOBX_Scenario.00001: CWAFCOBXCase1.CWAFCOBX_CWAFSUBC.00008: CWAFSUBC assertion" name="00002: CALC_SALES"/>
    <testcase classname="DEMO.CWAFCOBX_Scenario.00001: CWAFCOBXCase1.CWAFCOBX_CWAFSUBC.00008: CWAFSUBC assertion" name="00003: CALC_COMMISSION"/>
  </testsuite>
  <testsuite errors="0" failures="0" name="DEMO.CWAFCOBX_Scenario.00001: CWAFCOBXCase1.CWAFCOBX_RPTFILE_WRITE.00001: RPTFILE assertion" tests="1">
    <testcase classname="DEMO.CWAFCOBX_Scenario.00001: CWAFCOBXCase1.CWAFCOBX_RPTFILE_WRITE.00001: RPTFILE assertion" name="00001: Check for BLANK_LINE"/>
  </testsuite>
  <testsuite errors="0" failures="0" name="DEMO.CWAFCOBX_Scenario.00001: CWAFCOBXCase1.CWAFCOBX_RPTFILE_WRITE.00002: RPTFILE assertion" tests="2">
    <testcase classname="DEMO.CWAFCOBX_Scenario.00001: CWAFCOBXCase1.CWAFCOBX_RPTFILE_WRITE.00002: RPTFILE assertion" name="00001: Check for BLANK_LINE"/>
  </testsuite>
  <testsuite errors="0" failures="0" name="DEMO.CWAFCOBX_Scenario.00001: CWAFCOBXCase1.CWAFCOBX_RPTFILE_WRITE.00003: RPTFILE assertion" tests="3">
    <testcase classname="DEMO.CWAFCOBX_Scenario.00001: CWAFCOBXCase1.CWAFCOBX_RPTFILE_WRITE.00003: RPTFILE assertion" name="00001: Check for BLANK_LINE"/>
  </testsuite>
  <testsuite errors="0" failures="0" name="DEMO.CWAFCOBX_Scenario.00001: CWAFCOBXCase1.CWAFCOBX_RPTFILE_WRITE.00004: RPTFILE assertion" tests="15">
    <testcase classname="DEMO.CWAFCOBX_Scenario.00001: CWAFCOBXCase1.CWAFCOBX_RPTFILE_WRITE.00004: RPTFILE assertion" name="00001: Check for FILLER0"/>
    <testcase classname="DEMO.CWAFCOBX_Scenario.00001: CWAFCOBXCase1.CWAFCOBX_RPTFILE_WRITE.00004: RPTFILE assertion" name="00002: Check for FILLER1"/>
    <testcase classname="DEMO.CWAFCOBX_Scenario.00001: CWAFCOBXCase1.CWAFCOBX_RPTFILE_WRITE.00004: RPTFILE assertion" name="00003: Check for EMP_RUN_MM"/>
    <testcase classname="DEMO.CWAFCOBX_Scenario.00001: CWAFCOBXCase1.CWAFCOBX_RPTFILE_WRITE.00004: RPTFILE assertion" name="00004: Check for FILLER2"/>
    <testcase classname="DEMO.CWAFCOBX_Scenario.00001: CWAFCOBXCase1.CWAFCOBX_RPTFILE_WRITE.00004: RPTFILE assertion" name="00005: Check for EMP_RUN_DD"/>
    <testcase classname="DEMO.CWAFCOBX_Scenario.00001: CWAFCOBXCase1.CWAFCOBX_RPTFILE_WRITE.00004: RPTFILE assertion" name="00006: Check for FILLER3"/>
    <testcase classname="DEMO.CWAFCOBX_Scenario.00001: CWAFCOBXCase1.CWAFCOBX_RPTFILE_WRITE.00004: RPTFILE assertion" name="00007: Check for EMP_RUN_YY"/>
    <testcase classname="DEMO.CWAFCOBX_Scenario.00001: CWAFCOBXCase1.CWAFCOBX_RPTFILE_WRITE.00004: RPTFILE assertion" name="00008: Check for FILLER4"/>
    <testcase classname="DEMO.CWAFCOBX_Scenario.00001: CWAFCOBXCase1.CWAFCOBX_RPTFILE_WRITE.00004: RPTFILE assertion" name="00009: Check for FILLER5"/>
    <testcase classname="DEMO.CWAFCOBX_Scenario.00001: CWAFCOBXCase1.CWAFCOBX_RPTFILE_WRITE.00004: RPTFILE assertion" name="00010: Check for FILLER6"/>
    <testcase classname="DEMO.CWAFCOBX_Scenario.00001: CWAFCOBXCase1.CWAFCOBX_RPTFILE_WRITE.00004: RPTFILE assertion" name="00011: Check for FILLER7"/>
    <testcase classname="DEMO.CWAFCOBX_Scenario.00001: CWAFCOBXCase1.CWAFCOBX_RPTFILE_WRITE.00004: RPTFILE assertion" name="00012: Check for EMP_PAGE"/>
  </testsuite>
  <testsuite errors="0" failures="0" name="DEMO.CWAFCOBX_Scenario.00001: CWAFCOBXCase1.CWAFCOBX_RPTFILE_WRITE.00005: RPTFILE assertion" tests="16">
    <testcase classname="DEMO.CWAFCOBX_Scenario.00001: CWAFCOBXCase1.CWAFCOBX_RPTFILE_WRITE.00005: RPTFILE assertion" name="00001: Check for BLANK_LINE"/>
  </testsuite>
  <testsuite errors="0" failures="0" name="DEMO.CWAFCOBX_Scenario.00001: CWAFCOBXCase1.CWAFCOBX_RPTFILE_WRITE.00006: RPTFILE assertion" tests="17">
    <testcase classname="DEMO.CWAFCOBX_Scenario.00001: CWAFCOBXCase1.CWAFCOBX_RPTFILE_WRITE.00006: RPTFILE assertion" name="00001: Check for BLANK_LINE"/>
  </testsuite>
  <testsuite errors="0" failures="0" name="DEMO.CWAFCOBX_Scenario.00001: CWAFCOBXCase1.CWAFCOBX_RPTFILE_WRITE.00007: RPTFILE assertion" tests="22">
    <testcase classname="DEMO.CWAFCOBX_Scenario.00001: CWAFCOBXCase1.CWAFCOBX_RPTFILE_WRITE.00007: RPTFILE assertion" name="00001: Check for FILLER0"/>
    <testcase classname="DEMO.CWAFCOBX_Scenario.00001: CWAFCOBXCase1.CWAFCOBX_RPTFILE_WRITE.00007: RPTFILE assertion" name="00002: Check for FILLER1"/>
    <testcase classname="DEMO.CWAFCOBX_Scenario.00001: CWAFCOBXCase1.CWAFCOBX_RPTFILE_WRITE.00007: RPTFILE assertion" name="00003: Check for FILLER2"/>
    <testcase classname="DEMO.CWAFCOBX_Scenario.00001: CWAFCOBXCase1.CWAFCOBX_RPTFILE_WRITE.00007: RPTFILE assertion" name="00004: Check for FILLER3"/>
    <testcase classname="DEMO.CWAFCOBX_Scenario.00001: CWAFCOBXCase1.CWAFCOBX_RPTFILE_WRITE.00007: RPTFILE assertion" name="00005: Check for FILLER4"/>
  </testsuite>
  <testsuite errors="0" failures="0" name="DEMO.CWAFCOBX_Scenario.00001: CWAFCOBXCase1.CWAFCOBX_RPTFILE_WRITE.00008: RPTFILE assertion" tests="40">
    <testcase classname="DEMO.CWAFCOBX_Scenario.00001: CWAFCOBXCase1.CWAFCOBX_RPTFILE_WRITE.00008: RPTFILE assertion" name="00001: Check for FILLER0"/>
    <testcase classname="DEMO.CWAFCOBX_Scenario.00001: CWAFCOBXCase1.CWAFCOBX_RPTFILE_WRITE.00008: RPTFILE assertion" name="00002: Check for FILLER1"/>
    <testcase classname="DEMO.CWAFCOBX_Scenario.00001: CWAFCOBXCase1.CWAFCOBX_RPTFILE_WRITE.00008: RPTFILE assertion" name="00003: Check for FILLER2"/>
    <testcase classname="DEMO.CWAFCOBX_Scenario.00001: CWAFCOBXCase1.CWAFCOBX_RPTFILE_WRITE.00008: RPTFILE assertion" name="00004: Check for FILLER3"/>
    <testcase classname="DEMO.CWAFCOBX_Scenario.00001: CWAFCOBXCase1.CWAFCOBX_RPTFILE_WRITE.00008: RPTFILE assertion" name="00005: Check for FILLER4"/>
    <testcase classname="DEMO.CWAFCOBX_Scenario.00001: CWAFCOBXCase1.CWAFCOBX_RPTFILE_WRITE.00008: RPTFILE assertion" name="00006: Check for FILLER5"/>
    <testcase classname="DEMO.CWAFCOBX_Scenario.00001: CWAFCOBXCase1.CWAFCOBX_RPTFILE_WRITE.00008: RPTFILE assertion" name="00007: Check for FILLER6"/>
    <testcase classname="DEMO.CWAFCOBX_Scenario.00001: CWAFCOBXCase1.CWAFCOBX_RPTFILE_WRITE.00008: RPTFILE assertion" name="00008: Check for FILLER7"/>
    <testcase classname="DEMO.CWAFCOBX_Scenario.00001: CWAFCOBXCase1.CWAFCOBX_RPTFILE_WRITE.00008: RPTFILE assertion" name="00009: Check for FILLER8"/>
    <testcase classname="DEMO.CWAFCOBX_Scenario.00001: CWAFCOBXCase1.CWAFCOBX_RPTFILE_WRITE.00008: RPTFILE assertion" name="00010: Check for FILLER9"/>
    <testcase classname="DEMO.CWAFCOBX_Scenario.00001: CWAFCOBXCase1.CWAFCOBX_RPTFILE_WRITE.00008: RPTFILE assertion" name="00011: Check for FILLER10"/>
    <testcase classname="DEMO.CWAFCOBX_Scenario.00001: CWAFCOBXCase1.CWAFCOBX_RPTFILE_WRITE.00008: RPTFILE assertion" name="00012: Check for FILLER11"/>
    <testcase classname="DEMO.CWAFCOBX_Scenario.00001: CWAFCOBXCase1.CWAFCOBX_RPTFILE_WRITE.00008: RPTFILE assertion" name="00013: Check for FILLER12"/>
    <testcase classname="DEMO.CWAFCOBX_Scenario.00001: CWAFCOBXCase1.CWAFCOBX_RPTFILE_WRITE.00008: RPTFILE assertion" name="00014: Check for FILLER13"/>
    <testcase classname="DEMO.CWAFCOBX_Scenario.00001: CWAFCOBXCase1.CWAFCOBX_RPTFILE_WRITE.00008: RPTFILE assertion" name="00015: Check for FILLER14"/>
    <testcase classname="DEMO.CWAFCOBX_Scenario.00001: CWAFCOBXCase1.CWAFCOBX_RPTFILE_WRITE.00008: RPTFILE assertion" name="00016: Check for FILLER15"/>
    <testcase classname="DEMO.CWAFCOBX_Scenario.00001: CWAFCOBXCase1.CWAFCOBX_RPTFILE_WRITE.00008: RPTFILE assertion" name="00017: Check for FILLER16"/>
    <testcase classname="DEMO.CWAFCOBX_Scenario.00001: CWAFCOBXCase1.CWAFCOBX_RPTFILE_WRITE.00008: RPTFILE assertion" name="00018: Check for FILLER17"/>
  </testsuite>
  <testsuite errors="0" failures="0" name="DEMO.CWAFCOBX_Scenario.00001: CWAFCOBXCase1.CWAFCOBX_RPTFILE_WRITE.00009: RPTFILE assertion" tests="41">
    <testcase classname="DEMO.CWAFCOBX_Scenario.00001: CWAFCOBXCase1.CWAFCOBX_RPTFILE_WRITE.00009: RPTFILE assertion" name="00001: Check for BLANK_LINE"/>
  </testsuite>
  <testsuite errors="0" failures="0" name="DEMO.CWAFCOBX_Scenario.00001: CWAFCOBXCase1.CWAFCOBX_RPTFILE_WRITE.00010: RPTFILE assertion" tests="63">
    <testcase classname="DEMO.CWAFCOBX_Scenario.00001: CWAFCOBXCase1.CWAFCOBX_RPTFILE_WRITE.00010: RPTFILE assertion" name="00001: Check for FILLER0"/>
    <testcase classname="DEMO.CWAFCOBX_Scenario.00001: CWAFCOBXCase1.CWAFCOBX_RPTFILE_WRITE.00010: RPTFILE assertion" name="00002: Check for EMP_DTL_NAME"/>
    <testcase classname="DEMO.CWAFCOBX_Scenario.00001: CWAFCOBXCase1.CWAFCOBX_RPTFILE_WRITE.00010: RPTFILE assertion" name="00003: Check for FILLER1"/>
    <testcase classname="DEMO.CWAFCOBX_Scenario.00001: CWAFCOBXCase1.CWAFCOBX_RPTFILE_WRITE.00010: RPTFILE assertion" name="00004: Check for EMP_DTL_REGION"/>
    <testcase classname="DEMO.CWAFCOBX_Scenario.00001: CWAFCOBXCase1.CWAFCOBX_RPTFILE_WRITE.00010: RPTFILE assertion" name="00005: Check for FILLER2"/>
    <testcase classname="DEMO.CWAFCOBX_Scenario.00001: CWAFCOBXCase1.CWAFCOBX_RPTFILE_WRITE.00010: RPTFILE assertion" name="00006: Check for EMP_DTL_TYPE"/>
    <testcase classname="DEMO.CWAFCOBX_Scenario.00001: CWAFCOBXCase1.CWAFCOBX_RPTFILE_WRITE.00010: RPTFILE assertion" name="00007: Check for FILLER3"/>
    <testcase classname="DEMO.CWAFCOBX_Scenario.00001: CWAFCOBXCase1.CWAFCOBX_RPTFILE_WRITE.00010: RPTFILE assertion" name="00008: Check for EMP_DTL_HIRE_MM"/>
    <testcase classname="DEMO.CWAFCOBX_Scenario.00001: CWAFCOBXCase1.CWAFCOBX_RPTFILE_WRITE.00010: RPTFILE assertion" name="00009: Check for EMP_DTL_SLASH1"/>
    <testcase classname="DEMO.CWAFCOBX_Scenario.00001: CWAFCOBXCase1.CWAFCOBX_RPTFILE_WRITE.00010: RPTFILE assertion" name="00010: Check for EMP_DTL_HIRE_DD"/>
    <testcase classname="DEMO.CWAFCOBX_Scenario.00001: CWAFCOBXCase1.CWAFCOBX_RPTFILE_WRITE.00010: RPTFILE assertion" name="00011: Check for EMP_DTL_SLASH2"/>
    <testcase classname="DEMO.CWAFCOBX_Scenario.00001: CWAFCOBXCase1.CWAFCOBX_RPTFILE_WRITE.00010: RPTFILE assertion" name="00012: Check for EMP_DTL_HIRE_YY"/>
    <testcase classname="DEMO.CWAFCOBX_Scenario.00001: CWAFCOBXCase1.CWAFCOBX_RPTFILE_WRITE.00010: RPTFILE assertion" name="00013: Check for FILLER4"/>
    <testcase classname="DEMO.CWAFCOBX_Scenario.00001: CWAFCOBXCase1.CWAFCOBX_RPTFILE_WRITE.00010: RPTFILE assertion" name="00014: Check for EMP_DTL_YRS_OF_SERVICE"/>
    <testcase classname="DEMO.CWAFCOBX_Scenario.00001: CWAFCOBXCase1.CWAFCOBX_RPTFILE_WRITE.00010: RPTFILE assertion" name="00015: Check for FILLER5"/>
    <testcase classname="DEMO.CWAFCOBX_Scenario.00001: CWAFCOBXCase1.CWAFCOBX_RPTFILE_WRITE.00010: RPTFILE assertion" name="00016: Check for EMP_DTL_WAGES"/>
    <testcase classname="DEMO.CWAFCOBX_Scenario.00001: CWAFCOBXCase1.CWAFCOBX_RPTFILE_WRITE.00010: RPTFILE assertion" name="00017: Check for FILLER6"/>
    <testcase classname="DEMO.CWAFCOBX_Scenario.00001: CWAFCOBXCase1.CWAFCOBX_RPTFILE_WRITE.00010: RPTFILE assertion" name="00018: Check for EMP_DTL_OT"/>
    <testcase classname="DEMO.CWAFCOBX_Scenario.00001: CWAFCOBXCase1.CWAFCOBX_RPTFILE_WRITE.00010: RPTFILE assertion" name="00019: Check for FILLER7"/>
    <testcase classname="DEMO.CWAFCOBX_Scenario.00001: CWAFCOBXCase1.CWAFCOBX_RPTFILE_WRITE.00010: RPTFILE assertion" name="00020: Check for EMP_DTL_COMM"/>
    <testcase classname="DEMO.CWAFCOBX_Scenario.00001: CWAFCOBXCase1.CWAFCOBX_RPTFILE_WRITE.00010: RPTFILE assertion" name="00021: Check for FILLER8"/>
    <testcase classname="DEMO.CWAFCOBX_Scenario.00001: CWAFCOBXCase1.CWAFCOBX_RPTFILE_WRITE.00010: RPTFILE assertion" name="00022: Check for EMP_DTL_TOTAL"/>
  </testsuite>
  <testsuite errors="0" failures="0" name="DEMO.CWAFCOBX_Scenario.00001: CWAFCOBXCase1.CWAFCOBX_RPTFILE_WRITE.00011: RPTFILE assertion" tests="85">
    <testcase classname="DEMO.CWAFCOBX_Scenario.00001: CWAFCOBXCase1.CWAFCOBX_RPTFILE_WRITE.00011: RPTFILE assertion" name="00001: Check for FILLER0"/>
    <testcase classname="DEMO.CWAFCOBX_Scenario.00001: CWAFCOBXCase1.CWAFCOBX_RPTFILE_WRITE.00011: RPTFILE assertion" name="00002: Check for EMP_DTL_NAME"/>
    <testcase classname="DEMO.CWAFCOBX_Scenario.00001: CWAFCOBXCase1.CWAFCOBX_RPTFILE_WRITE.00011: RPTFILE assertion" name="00003: Check for FILLER1"/>
    <testcase classname="DEMO.CWAFCOBX_Scenario.00001: CWAFCOBXCase1.CWAFCOBX_RPTFILE_WRITE.00011: RPTFILE assertion" name="00004: Check for EMP_DTL_REGION"/>
    <testcase classname="DEMO.CWAFCOBX_Scenario.00001: CWAFCOBXCase1.CWAFCOBX_RPTFILE_WRITE.00011: RPTFILE assertion" name="00005: Check for FILLER2"/>
    <testcase classname="DEMO.CWAFCOBX_Scenario.00001: CWAFCOBXCase1.CWAFCOBX_RPTFILE_WRITE.00011: RPTFILE assertion" name="00006: Check for EMP_DTL_TYPE"/>
    <testcase classname="DEMO.CWAFCOBX_Scenario.00001: CWAFCOBXCase1.CWAFCOBX_RPTFILE_WRITE.00011: RPTFILE assertion" name="00007: Check for FILLER3"/>
    <testcase classname="DEMO.CWAFCOBX_Scenario.00001: CWAFCOBXCase1.CWAFCOBX_RPTFILE_WRITE.00011: RPTFILE assertion" name="00008: Check for EMP_DTL_HIRE_MM"/>
    <testcase classname="DEMO.CWAFCOBX_Scenario.00001: CWAFCOBXCase1.CWAFCOBX_RPTFILE_WRITE.00011: RPTFILE assertion" name="00009: Check for EMP_DTL_SLASH1"/>
    <testcase classname="DEMO.CWAFCOBX_Scenario.00001: CWAFCOBXCase1.CWAFCOBX_RPTFILE_WRITE.00011: RPTFILE assertion" name="00010: Check for EMP_DTL_HIRE_DD"/>
    <testcase classname="DEMO.CWAFCOBX_Scenario.00001: CWAFCOBXCase1.CWAFCOBX_RPTFILE_WRITE.00011: RPTFILE assertion" name="00011: Check for EMP_DTL_SLASH2"/>
    <testcase classname="DEMO.CWAFCOBX_Scenario.00001: CWAFCOBXCase1.CWAFCOBX_RPTFILE_WRITE.00011: RPTFILE assertion" name="00012: Check for EMP_DTL_HIRE_YY"/>
    <testcase classname="DEMO.CWAFCOBX_Scenario.00001: CWAFCOBXCase1.CWAFCOBX_RPTFILE_WRITE.00011: RPTFILE assertion" name="00013: Check for FILLER4"/>
    <testcase classname="DEMO.CWAFCOBX_Scenario.00001: CWAFCOBXCase1.CWAFCOBX_RPTFILE_WRITE.00011: RPTFILE assertion" name="00014: Check for EMP_DTL_YRS_OF_SERVICE"/>
    <testcase classname="DEMO.CWAFCOBX_Scenario.00001: CWAFCOBXCase1.CWAFCOBX_RPTFILE_WRITE.00011: RPTFILE assertion" name="00015: Check for FILLER5"/>
    <testcase classname="DEMO.CWAFCOBX_Scenario.00001: CWAFCOBXCase1.CWAFCOBX_RPTFILE_WRITE.00011: RPTFILE assertion" name="00016: Check for EMP_DTL_WAGES"/>
    <testcase classname="DEMO.CWAFCOBX_Scenario.00001: CWAFCOBXCase1.CWAFCOBX_RPTFILE_WRITE.00011: RPTFILE assertion" name="00017: Check for FILLER6"/>
    <testcase classname="DEMO.CWAFCOBX_Scenario.00001: CWAFCOBXCase1.CWAFCOBX_RPTFILE_WRITE.00011: RPTFILE assertion" name="00018: Check for EMP_DTL_OT"/>
    <testcase classname="DEMO.CWAFCOBX_Scenario.00001: CWAFCOBXCase1.CWAFCOBX_RPTFILE_WRITE.00011: RPTFILE assertion" name="00019: Check for FILLER7"/>
    <testcase classname="DEMO.CWAFCOBX_Scenario.00001: CWAFCOBXCase1.CWAFCOBX_RPTFILE_WRITE.00011: RPTFILE assertion" name="00020: Check for EMP_DTL_COMM"/>
    <testcase classname="DEMO.CWAFCOBX_Scenario.00001: CWAFCOBXCase1.CWAFCOBX_RPTFILE_WRITE.00011: RPTFILE assertion" name="00021: Check for FILLER8"/>
    <testcase classname="DEMO.CWAFCOBX_Scenario.00001: CWAFCOBXCase1.CWAFCOBX_RPTFILE_WRITE.00011: RPTFILE assertion" name="00022: Check for EMP_DTL_TOTAL"/>
  </testsuite>
  <testsuite errors="0" failures="0" name="DEMO.CWAFCOBX_Scenario.00001: CWAFCOBXCase1.CWAFCOBX_RPTFILE_WRITE.00012: RPTFILE assertion" tests="107">
    <testcase classname="DEMO.CWAFCOBX_Scenario.00001: CWAFCOBXCase1.CWAFCOBX_RPTFILE_WRITE.00012: RPTFILE assertion" name="00001: Check for FILLER0"/>
    <testcase classname="DEMO.CWAFCOBX_Scenario.00001: CWAFCOBXCase1.CWAFCOBX_RPTFILE_WRITE.00012: RPTFILE assertion" name="00002: Check for EMP_DTL_NAME"/>
    <testcase classname="DEMO.CWAFCOBX_Scenario.00001: CWAFCOBXCase1.CWAFCOBX_RPTFILE_WRITE.00012: RPTFILE assertion" name="00003: Check for FILLER1"/>
    <testcase classname="DEMO.CWAFCOBX_Scenario.00001: CWAFCOBXCase1.CWAFCOBX_RPTFILE_WRITE.00012: RPTFILE assertion" name="00004: Check for EMP_DTL_REGION"/>
    <testcase classname="DEMO.CWAFCOBX_Scenario.00001: CWAFCOBXCase1.CWAFCOBX_RPTFILE_WRITE.00012: RPTFILE assertion" name="00005: Check for FILLER2"/>
    <testcase classname="DEMO.CWAFCOBX_Scenario.00001: CWAFCOBXCase1.CWAFCOBX_RPTFILE_WRITE.00012: RPTFILE assertion" name="00006: Check for EMP_DTL_TYPE"/>
    <testcase classname="DEMO.CWAFCOBX_Scenario.00001: CWAFCOBXCase1.CWAFCOBX_RPTFILE_WRITE.00012: RPTFILE assertion" name="00007: Check for FILLER3"/>
    <testcase classname="DEMO.CWAFCOBX_Scenario.00001: CWAFCOBXCase1.CWAFCOBX_RPTFILE_WRITE.00012: RPTFILE assertion" name="00008: Check for EMP_DTL_HIRE_MM"/>
    <testcase classname="DEMO.CWAFCOBX_Scenario.00001: CWAFCOBXCase1.CWAFCOBX_RPTFILE_WRITE.00012: RPTFILE assertion" name="00009: Check for EMP_DTL_SLASH1"/>
    <testcase classname="DEMO.CWAFCOBX_Scenario.00001: CWAFCOBXCase1.CWAFCOBX_RPTFILE_WRITE.00012: RPTFILE assertion" name="00010: Check for EMP_DTL_HIRE_DD"/>
    <testcase classname="DEMO.CWAFCOBX_Scenario.00001: CWAFCOBXCase1.CWAFCOBX_RPTFILE_WRITE.00012: RPTFILE assertion" name="00011: Check for EMP_DTL_SLASH2"/>
    <testcase classname="DEMO.CWAFCOBX_Scenario.00001: CWAFCOBXCase1.CWAFCOBX_RPTFILE_WRITE.00012: RPTFILE assertion" name="00012: Check for EMP_DTL_HIRE_YY"/>
    <testcase classname="DEMO.CWAFCOBX_Scenario.00001: CWAFCOBXCase1.CWAFCOBX_RPTFILE_WRITE.00012: RPTFILE assertion" name="00013: Check for FILLER4"/>
    <testcase classname="DEMO.CWAFCOBX_Scenario.00001: CWAFCOBXCase1.CWAFCOBX_RPTFILE_WRITE.00012: RPTFILE assertion" name="00014: Check for EMP_DTL_YRS_OF_SERVICE"/>
    <testcase classname="DEMO.CWAFCOBX_Scenario.00001: CWAFCOBXCase1.CWAFCOBX_RPTFILE_WRITE.00012: RPTFILE assertion" name="00015: Check for FILLER5"/>
    <testcase classname="DEMO.CWAFCOBX_Scenario.00001: CWAFCOBXCase1.CWAFCOBX_RPTFILE_WRITE.00012: RPTFILE assertion" name="00016: Check for EMP_DTL_WAGES"/>
    <testcase classname="DEMO.CWAFCOBX_Scenario.00001: CWAFCOBXCase1.CWAFCOBX_RPTFILE_WRITE.00012: RPTFILE assertion" name="00017: Check for FILLER6"/>
    <testcase classname="DEMO.CWAFCOBX_Scenario.00001: CWAFCOBXCase1.CWAFCOBX_RPTFILE_WRITE.00012: RPTFILE assertion" name="00018: Check for EMP_DTL_OT"/>
    <testcase classname="DEMO.CWAFCOBX_Scenario.00001: CWAFCOBXCase1.CWAFCOBX_RPTFILE_WRITE.00012: RPTFILE assertion" name="00019: Check for FILLER7"/>
    <testcase classname="DEMO.CWAFCOBX_Scenario.00001: CWAFCOBXCase1.CWAFCOBX_RPTFILE_WRITE.00012: RPTFILE assertion" name="00020: Check for EMP_DTL_COMM"/>
    <testcase classname="DEMO.CWAFCOBX_Scenario.00001: CWAFCOBXCase1.CWAFCOBX_RPTFILE_WRITE.00012: RPTFILE assertion" name="00021: Check for FILLER8"/>
    <testcase classname="DEMO.CWAFCOBX_Scenario.00001: CWAFCOBXCase1.CWAFCOBX_RPTFILE_WRITE.00012: RPTFILE assertion" name="00022: Check for EMP_DTL_TOTAL"/>
  </testsuite>
  <testsuite errors="0" failures="0" name="DEMO.CWAFCOBX_Scenario.00001: CWAFCOBXCase1.CWAFCOBX_RPTFILE_WRITE.00013: RPTFILE assertion" tests="129">
    <testcase classname="DEMO.CWAFCOBX_Scenario.00001: CWAFCOBXCase1.CWAFCOBX_RPTFILE_WRITE.00013: RPTFILE assertion" name="00001: Check for FILLER0"/>
    <testcase classname="DEMO.CWAFCOBX_Scenario.00001: CWAFCOBXCase1.CWAFCOBX_RPTFILE_WRITE.00013: RPTFILE assertion" name="00002: Check for EMP_DTL_NAME"/>
    <testcase classname="DEMO.CWAFCOBX_Scenario.00001: CWAFCOBXCase1.CWAFCOBX_RPTFILE_WRITE.00013: RPTFILE assertion" name="00003: Check for FILLER1"/>
    <testcase classname="DEMO.CWAFCOBX_Scenario.00001: CWAFCOBXCase1.CWAFCOBX_RPTFILE_WRITE.00013: RPTFILE assertion" name="00004: Check for EMP_DTL_REGION"/>
    <testcase classname="DEMO.CWAFCOBX_Scenario.00001: CWAFCOBXCase1.CWAFCOBX_RPTFILE_WRITE.00013: RPTFILE assertion" name="00005: Check for FILLER2"/>
    <testcase classname="DEMO.CWAFCOBX_Scenario.00001: CWAFCOBXCase1.CWAFCOBX_RPTFILE_WRITE.00013: RPTFILE assertion" name="00006: Check for EMP_DTL_TYPE"/>
    <testcase classname="DEMO.CWAFCOBX_Scenario.00001: CWAFCOBXCase1.CWAFCOBX_RPTFILE_WRITE.00013: RPTFILE assertion" name="00007: Check for FILLER3"/>
    <testcase classname="DEMO.CWAFCOBX_Scenario.00001: CWAFCOBXCase1.CWAFCOBX_RPTFILE_WRITE.00013: RPTFILE assertion" name="00008: Check for EMP_DTL_HIRE_MM"/>
    <testcase classname="DEMO.CWAFCOBX_Scenario.00001: CWAFCOBXCase1.CWAFCOBX_RPTFILE_WRITE.00013: RPTFILE assertion" name="00009: Check for EMP_DTL_SLASH1"/>
    <testcase classname="DEMO.CWAFCOBX_Scenario.00001: CWAFCOBXCase1.CWAFCOBX_RPTFILE_WRITE.00013: RPTFILE assertion" name="00010: Check for EMP_DTL_HIRE_DD"/>
    <testcase classname="DEMO.CWAFCOBX_Scenario.00001: CWAFCOBXCase1.CWAFCOBX_RPTFILE_WRITE.00013: RPTFILE assertion" name="00011: Check for EMP_DTL_SLASH2"/>
    <testcase classname="DEMO.CWAFCOBX_Scenario.00001: CWAFCOBXCase1.CWAFCOBX_RPTFILE_WRITE.00013: RPTFILE assertion" name="00012: Check for EMP_DTL_HIRE_YY"/>
    <testcase classname="DEMO.CWAFCOBX_Scenario.00001: CWAFCOBXCase1.CWAFCOBX_RPTFILE_WRITE.00013: RPTFILE assertion" name="00013: Check for FILLER4"/>
    <testcase classname="DEMO.CWAFCOBX_Scenario.00001: CWAFCOBXCase1.CWAFCOBX_RPTFILE_WRITE.00013: RPTFILE assertion" name="00014: Check for EMP_DTL_YRS_OF_SERVICE"/>
    <testcase classname="DEMO.CWAFCOBX_Scenario.00001: CWAFCOBXCase1.CWAFCOBX_RPTFILE_WRITE.00013: RPTFILE assertion" name="00015: Check for FILLER5"/>
    <testcase classname="DEMO.CWAFCOBX_Scenario.00001: CWAFCOBXCase1.CWAFCOBX_RPTFILE_WRITE.00013: RPTFILE assertion" name="00016: Check for EMP_DTL_WAGES"/>
    <testcase classname="DEMO.CWAFCOBX_Scenario.00001: CWAFCOBXCase1.CWAFCOBX_RPTFILE_WRITE.00013: RPTFILE assertion" name="00017: Check for FILLER6"/>
    <testcase classname="DEMO.CWAFCOBX_Scenario.00001: CWAFCOBXCase1.CWAFCOBX_RPTFILE_WRITE.00013: RPTFILE assertion" name="00018: Check for EMP_DTL_OT"/>
    <testcase classname="DEMO.CWAFCOBX_Scenario.00001: CWAFCOBXCase1.CWAFCOBX_RPTFILE_WRITE.00013: RPTFILE assertion" name="00019: Check for FILLER7"/>
    <testcase classname="DEMO.CWAFCOBX_Scenario.00001: CWAFCOBXCase1.CWAFCOBX_RPTFILE_WRITE.00013: RPTFILE assertion" name="00020: Check for EMP_DTL_COMM"/>
    <testcase classname="DEMO.CWAFCOBX_Scenario.00001: CWAFCOBXCase1.CWAFCOBX_RPTFILE_WRITE.00013: RPTFILE assertion" name="00021: Check for FILLER8"/>
    <testcase classname="DEMO.CWAFCOBX_Scenario.00001: CWAFCOBXCase1.CWAFCOBX_RPTFILE_WRITE.00013: RPTFILE assertion" name="00022: Check for EMP_DTL_TOTAL"/>
  </testsuite>
  <testsuite errors="0" failures="0" name="DEMO.CWAFCOBX_Scenario.00001: CWAFCOBXCase1.CWAFCOBX_RPTFILE_WRITE.00014: RPTFILE assertion" tests="151">
    <testcase classname="DEMO.CWAFCOBX_Scenario.00001: CWAFCOBXCase1.CWAFCOBX_RPTFILE_WRITE.00014: RPTFILE assertion" name="00001: Check for FILLER0"/>
    <testcase classname="DEMO.CWAFCOBX_Scenario.00001: CWAFCOBXCase1.CWAFCOBX_RPTFILE_WRITE.00014: RPTFILE assertion" name="00002: Check for EMP_DTL_NAME"/>
    <testcase classname="DEMO.CWAFCOBX_Scenario.00001: CWAFCOBXCase1.CWAFCOBX_RPTFILE_WRITE.00014: RPTFILE assertion" name="00003: Check for FILLER1"/>
    <testcase classname="DEMO.CWAFCOBX_Scenario.00001: CWAFCOBXCase1.CWAFCOBX_RPTFILE_WRITE.00014: RPTFILE assertion" name="00004: Check for EMP_DTL_REGION"/>
    <testcase classname="DEMO.CWAFCOBX_Scenario.00001: CWAFCOBXCase1.CWAFCOBX_RPTFILE_WRITE.00014: RPTFILE assertion" name="00005: Check for FILLER2"/>
    <testcase classname="DEMO.CWAFCOBX_Scenario.00001: CWAFCOBXCase1.CWAFCOBX_RPTFILE_WRITE.00014: RPTFILE assertion" name="00006: Check for EMP_DTL_TYPE"/>
    <testcase classname="DEMO.CWAFCOBX_Scenario.00001: CWAFCOBXCase1.CWAFCOBX_RPTFILE_WRITE.00014: RPTFILE assertion" name="00007: Check for FILLER3"/>
    <testcase classname="DEMO.CWAFCOBX_Scenario.00001: CWAFCOBXCase1.CWAFCOBX_RPTFILE_WRITE.00014: RPTFILE assertion" name="00008: Check for EMP_DTL_HIRE_MM"/>
    <testcase classname="DEMO.CWAFCOBX_Scenario.00001: CWAFCOBXCase1.CWAFCOBX_RPTFILE_WRITE.00014: RPTFILE assertion" name="00009: Check for EMP_DTL_SLASH1"/>
    <testcase classname="DEMO.CWAFCOBX_Scenario.00001: CWAFCOBXCase1.CWAFCOBX_RPTFILE_WRITE.00014: RPTFILE assertion" name="00010: Check for EMP_DTL_HIRE_DD"/>
    <testcase classname="DEMO.CWAFCOBX_Scenario.00001: CWAFCOBXCase1.CWAFCOBX_RPTFILE_WRITE.00014: RPTFILE assertion" name="00011: Check for EMP_DTL_SLASH2"/>
    <testcase classname="DEMO.CWAFCOBX_Scenario.00001: CWAFCOBXCase1.CWAFCOBX_RPTFILE_WRITE.00014: RPTFILE assertion" name="00012: Check for EMP_DTL_HIRE_YY"/>
    <testcase classname="DEMO.CWAFCOBX_Scenario.00001: CWAFCOBXCase1.CWAFCOBX_RPTFILE_WRITE.00014: RPTFILE assertion" name="00013: Check for FILLER4"/>
    <testcase classname="DEMO.CWAFCOBX_Scenario.00001: CWAFCOBXCase1.CWAFCOBX_RPTFILE_WRITE.00014: RPTFILE assertion" name="00014: Check for EMP_DTL_YRS_OF_SERVICE"/>
    <testcase classname="DEMO.CWAFCOBX_Scenario.00001: CWAFCOBXCase1.CWAFCOBX_RPTFILE_WRITE.00014: RPTFILE assertion" name="00015: Check for FILLER5"/>
    <testcase classname="DEMO.CWAFCOBX_Scenario.00001: CWAFCOBXCase1.CWAFCOBX_RPTFILE_WRITE.00014: RPTFILE assertion" name="00016: Check for EMP_DTL_WAGES"/>
    <testcase classname="DEMO.CWAFCOBX_Scenario.00001: CWAFCOBXCase1.CWAFCOBX_RPTFILE_WRITE.00014: RPTFILE assertion" name="00017: Check for FILLER6"/>
    <testcase classname="DEMO.CWAFCOBX_Scenario.00001: CWAFCOBXCase1.CWAFCOBX_RPTFILE_WRITE.00014: RPTFILE assertion" name="00018: Check for EMP_DTL_OT"/>
    <testcase classname="DEMO.CWAFCOBX_Scenario.00001: CWAFCOBXCase1.CWAFCOBX_RPTFILE_WRITE.00014: RPTFILE assertion" name="00019: Check for FILLER7"/>
    <testcase classname="DEMO.CWAFCOBX_Scenario.00001: CWAFCOBXCase1.CWAFCOBX_RPTFILE_WRITE.00014: RPTFILE assertion" name="00020: Check for EMP_DTL_COMM"/>
    <testcase classname="DEMO.CWAFCOBX_Scenario.00001: CWAFCOBXCase1.CWAFCOBX_RPTFILE_WRITE.00014: RPTFILE assertion" name="00021: Check for FILLER8"/>
    <testcase classname="DEMO.CWAFCOBX_Scenario.00001: CWAFCOBXCase1.CWAFCOBX_RPTFILE_WRITE.00014: RPTFILE assertion" name="00022: Check for EMP_DTL_TOTAL"/>
  </testsuite>
  <testsuite errors="0" failures="0" name="DEMO.CWAFCOBX_Scenario.00001: CWAFCOBXCase1.CWAFCOBX_RPTFILE_WRITE.00015: RPTFILE assertion" tests="173">
    <testcase classname="DEMO.CWAFCOBX_Scenario.00001: CWAFCOBXCase1.CWAFCOBX_RPTFILE_WRITE.00015: RPTFILE assertion" name="00001: Check for FILLER0"/>
    <testcase classname="DEMO.CWAFCOBX_Scenario.00001: CWAFCOBXCase1.CWAFCOBX_RPTFILE_WRITE.00015: RPTFILE assertion" name="00002: Check for EMP_DTL_NAME"/>
    <testcase classname="DEMO.CWAFCOBX_Scenario.00001: CWAFCOBXCase1.CWAFCOBX_RPTFILE_WRITE.00015: RPTFILE assertion" name="00003: Check for FILLER1"/>
    <testcase classname="DEMO.CWAFCOBX_Scenario.00001: CWAFCOBXCase1.CWAFCOBX_RPTFILE_WRITE.00015: RPTFILE assertion" name="00004: Check for EMP_DTL_REGION"/>
    <testcase classname="DEMO.CWAFCOBX_Scenario.00001: CWAFCOBXCase1.CWAFCOBX_RPTFILE_WRITE.00015: RPTFILE assertion" name="00005: Check for FILLER2"/>
    <testcase classname="DEMO.CWAFCOBX_Scenario.00001: CWAFCOBXCase1.CWAFCOBX_RPTFILE_WRITE.00015: RPTFILE assertion" name="00006: Check for EMP_DTL_TYPE"/>
    <testcase classname="DEMO.CWAFCOBX_Scenario.00001: CWAFCOBXCase1.CWAFCOBX_RPTFILE_WRITE.00015: RPTFILE assertion" name="00007: Check for FILLER3"/>
    <testcase classname="DEMO.CWAFCOBX_Scenario.00001: CWAFCOBXCase1.CWAFCOBX_RPTFILE_WRITE.00015: RPTFILE assertion" name="00008: Check for EMP_DTL_HIRE_MM"/>
    <testcase classname="DEMO.CWAFCOBX_Scenario.00001: CWAFCOBXCase1.CWAFCOBX_RPTFILE_WRITE.00015: RPTFILE assertion" name="00009: Check for EMP_DTL_SLASH1"/>
    <testcase classname="DEMO.CWAFCOBX_Scenario.00001: CWAFCOBXCase1.CWAFCOBX_RPTFILE_WRITE.00015: RPTFILE assertion" name="00010: Check for EMP_DTL_HIRE_DD"/>
    <testcase classname="DEMO.CWAFCOBX_Scenario.00001: CWAFCOBXCase1.CWAFCOBX_RPTFILE_WRITE.00015: RPTFILE assertion" name="00011: Check for EMP_DTL_SLASH2"/>
    <testcase classname="DEMO.CWAFCOBX_Scenario.00001: CWAFCOBXCase1.CWAFCOBX_RPTFILE_WRITE.00015: RPTFILE assertion" name="00012: Check for EMP_DTL_HIRE_YY"/>
    <testcase classname="DEMO.CWAFCOBX_Scenario.00001: CWAFCOBXCase1.CWAFCOBX_RPTFILE_WRITE.00015: RPTFILE assertion" name="00013: Check for FILLER4"/>
    <testcase classname="DEMO.CWAFCOBX_Scenario.00001: CWAFCOBXCase1.CWAFCOBX_RPTFILE_WRITE.00015: RPTFILE assertion" name="00014: Check for EMP_DTL_YRS_OF_SERVICE"/>
    <testcase classname="DEMO.CWAFCOBX_Scenario.00001: CWAFCOBXCase1.CWAFCOBX_RPTFILE_WRITE.00015: RPTFILE assertion" name="00015: Check for FILLER5"/>
    <testcase classname="DEMO.CWAFCOBX_Scenario.00001: CWAFCOBXCase1.CWAFCOBX_RPTFILE_WRITE.00015: RPTFILE assertion" name="00016: Check for EMP_DTL_WAGES"/>
    <testcase classname="DEMO.CWAFCOBX_Scenario.00001: CWAFCOBXCase1.CWAFCOBX_RPTFILE_WRITE.00015: RPTFILE assertion" name="00017: Check for FILLER6"/>
    <testcase classname="DEMO.CWAFCOBX_Scenario.00001: CWAFCOBXCase1.CWAFCOBX_RPTFILE_WRITE.00015: RPTFILE assertion" name="00018: Check for EMP_DTL_OT"/>
    <testcase classname="DEMO.CWAFCOBX_Scenario.00001: CWAFCOBXCase1.CWAFCOBX_RPTFILE_WRITE.00015: RPTFILE assertion" name="00019: Check for FILLER7"/>
    <testcase classname="DEMO.CWAFCOBX_Scenario.00001: CWAFCOBXCase1.CWAFCOBX_RPTFILE_WRITE.00015: RPTFILE assertion" name="00020: Check for EMP_DTL_COMM"/>
    <testcase classname="DEMO.CWAFCOBX_Scenario.00001: CWAFCOBXCase1.CWAFCOBX_RPTFILE_WRITE.00015: RPTFILE assertion" name="00021: Check for FILLER8"/>
    <testcase classname="DEMO.CWAFCOBX_Scenario.00001: CWAFCOBXCase1.CWAFCOBX_RPTFILE_WRITE.00015: RPTFILE assertion" name="00022: Check for EMP_DTL_TOTAL"/>
  </testsuite>
  <testsuite errors="0" failures="0" name="DEMO.CWAFCOBX_Scenario.00001: CWAFCOBXCase1.CWAFCOBX_RPTFILE_WRITE.00016: RPTFILE assertion" tests="195">
    <testcase classname="DEMO.CWAFCOBX_Scenario.00001: CWAFCOBXCase1.CWAFCOBX_RPTFILE_WRITE.00016: RPTFILE assertion" name="00001: Check for FILLER0"/>
    <testcase classname="DEMO.CWAFCOBX_Scenario.00001: CWAFCOBXCase1.CWAFCOBX_RPTFILE_WRITE.00016: RPTFILE assertion" name="00002: Check for EMP_DTL_NAME"/>
    <testcase classname="DEMO.CWAFCOBX_Scenario.00001: CWAFCOBXCase1.CWAFCOBX_RPTFILE_WRITE.00016: RPTFILE assertion" name="00003: Check for FILLER1"/>
    <testcase classname="DEMO.CWAFCOBX_Scenario.00001: CWAFCOBXCase1.CWAFCOBX_RPTFILE_WRITE.00016: RPTFILE assertion" name="00004: Check for EMP_DTL_REGION"/>
    <testcase classname="DEMO.CWAFCOBX_Scenario.00001: CWAFCOBXCase1.CWAFCOBX_RPTFILE_WRITE.00016: RPTFILE assertion" name="00005: Check for FILLER2"/>
    <testcase classname="DEMO.CWAFCOBX_Scenario.00001: CWAFCOBXCase1.CWAFCOBX_RPTFILE_WRITE.00016: RPTFILE assertion" name="00006: Check for EMP_DTL_TYPE"/>
    <testcase classname="DEMO.CWAFCOBX_Scenario.00001: CWAFCOBXCase1.CWAFCOBX_RPTFILE_WRITE.00016: RPTFILE assertion" name="00007: Check for FILLER3"/>
    <testcase classname="DEMO.CWAFCOBX_Scenario.00001: CWAFCOBXCase1.CWAFCOBX_RPTFILE_WRITE.00016: RPTFILE assertion" name="00008: Check for EMP_DTL_HIRE_MM"/>
    <testcase classname="DEMO.CWAFCOBX_Scenario.00001: CWAFCOBXCase1.CWAFCOBX_RPTFILE_WRITE.00016: RPTFILE assertion" name="00009: Check for EMP_DTL_SLASH1"/>
    <testcase classname="DEMO.CWAFCOBX_Scenario.00001: CWAFCOBXCase1.CWAFCOBX_RPTFILE_WRITE.00016: RPTFILE assertion" name="00010: Check for EMP_DTL_HIRE_DD"/>
    <testcase classname="DEMO.CWAFCOBX_Scenario.00001: CWAFCOBXCase1.CWAFCOBX_RPTFILE_WRITE.00016: RPTFILE assertion" name="00011: Check for EMP_DTL_SLASH2"/>
    <testcase classname="DEMO.CWAFCOBX_Scenario.00001: CWAFCOBXCase1.CWAFCOBX_RPTFILE_WRITE.00016: RPTFILE assertion" name="00012: Check for EMP_DTL_HIRE_YY"/>
    <testcase classname="DEMO.CWAFCOBX_Scenario.00001: CWAFCOBXCase1.CWAFCOBX_RPTFILE_WRITE.00016: RPTFILE assertion" name="00013: Check for FILLER4"/>
    <testcase classname="DEMO.CWAFCOBX_Scenario.00001: CWAFCOBXCase1.CWAFCOBX_RPTFILE_WRITE.00016: RPTFILE assertion" name="00014: Check for EMP_DTL_YRS_OF_SERVICE"/>
    <testcase classname="DEMO.CWAFCOBX_Scenario.00001: CWAFCOBXCase1.CWAFCOBX_RPTFILE_WRITE.00016: RPTFILE assertion" name="00015: Check for FILLER5"/>
    <testcase classname="DEMO.CWAFCOBX_Scenario.00001: CWAFCOBXCase1.CWAFCOBX_RPTFILE_WRITE.00016: RPTFILE assertion" name="00016: Check for EMP_DTL_WAGES"/>
    <testcase classname="DEMO.CWAFCOBX_Scenario.00001: CWAFCOBXCase1.CWAFCOBX_RPTFILE_WRITE.00016: RPTFILE assertion" name="00017: Check for FILLER6"/>
    <testcase classname="DEMO.CWAFCOBX_Scenario.00001: CWAFCOBXCase1.CWAFCOBX_RPTFILE_WRITE.00016: RPTFILE assertion" name="00018: Check for EMP_DTL_OT"/>
    <testcase classname="DEMO.CWAFCOBX_Scenario.00001: CWAFCOBXCase1.CWAFCOBX_RPTFILE_WRITE.00016: RPTFILE assertion" name="00019: Check for FILLER7"/>
    <testcase classname="DEMO.CWAFCOBX_Scenario.00001: CWAFCOBXCase1.CWAFCOBX_RPTFILE_WRITE.00016: RPTFILE assertion" name="00020: Check for EMP_DTL_COMM"/>
    <testcase classname="DEMO.CWAFCOBX_Scenario.00001: CWAFCOBXCase1.CWAFCOBX_RPTFILE_WRITE.00016: RPTFILE assertion" name="00021: Check for FILLER8"/>
    <testcase classname="DEMO.CWAFCOBX_Scenario.00001: CWAFCOBXCase1.CWAFCOBX_RPTFILE_WRITE.00016: RPTFILE assertion" name="00022: Check for EMP_DTL_TOTAL"/>
  </testsuite>
  <testsuite errors="0" failures="0" name="DEMO.CWAFCOBX_Scenario.00001: CWAFCOBXCase1.CWAFCOBX_RPTFILE_WRITE.00017: RPTFILE assertion" tests="217">
    <testcase classname="DEMO.CWAFCOBX_Scenario.00001: CWAFCOBXCase1.CWAFCOBX_RPTFILE_WRITE.00017: RPTFILE assertion" name="00001: Check for FILLER0"/>
    <testcase classname="DEMO.CWAFCOBX_Scenario.00001: CWAFCOBXCase1.CWAFCOBX_RPTFILE_WRITE.00017: RPTFILE assertion" name="00002: Check for EMP_DTL_NAME"/>
    <testcase classname="DEMO.CWAFCOBX_Scenario.00001: CWAFCOBXCase1.CWAFCOBX_RPTFILE_WRITE.00017: RPTFILE assertion" name="00003: Check for FILLER1"/>
    <testcase classname="DEMO.CWAFCOBX_Scenario.00001: CWAFCOBXCase1.CWAFCOBX_RPTFILE_WRITE.00017: RPTFILE assertion" name="00004: Check for EMP_DTL_REGION"/>
    <testcase classname="DEMO.CWAFCOBX_Scenario.00001: CWAFCOBXCase1.CWAFCOBX_RPTFILE_WRITE.00017: RPTFILE assertion" name="00005: Check for FILLER2"/>
    <testcase classname="DEMO.CWAFCOBX_Scenario.00001: CWAFCOBXCase1.CWAFCOBX_RPTFILE_WRITE.00017: RPTFILE assertion" name="00006: Check for EMP_DTL_TYPE"/>
    <testcase classname="DEMO.CWAFCOBX_Scenario.00001: CWAFCOBXCase1.CWAFCOBX_RPTFILE_WRITE.00017: RPTFILE assertion" name="00007: Check for FILLER3"/>
    <testcase classname="DEMO.CWAFCOBX_Scenario.00001: CWAFCOBXCase1.CWAFCOBX_RPTFILE_WRITE.00017: RPTFILE assertion" name="00008: Check for EMP_DTL_HIRE_MM"/>
    <testcase classname="DEMO.CWAFCOBX_Scenario.00001: CWAFCOBXCase1.CWAFCOBX_RPTFILE_WRITE.00017: RPTFILE assertion" name="00009: Check for EMP_DTL_SLASH1"/>
    <testcase classname="DEMO.CWAFCOBX_Scenario.00001: CWAFCOBXCase1.CWAFCOBX_RPTFILE_WRITE.00017: RPTFILE assertion" name="00010: Check for EMP_DTL_HIRE_DD"/>
    <testcase classname="DEMO.CWAFCOBX_Scenario.00001: CWAFCOBXCase1.CWAFCOBX_RPTFILE_WRITE.00017: RPTFILE assertion" name="00011: Check for EMP_DTL_SLASH2"/>
    <testcase classname="DEMO.CWAFCOBX_Scenario.00001: CWAFCOBXCase1.CWAFCOBX_RPTFILE_WRITE.00017: RPTFILE assertion" name="00012: Check for EMP_DTL_HIRE_YY"/>
    <testcase classname="DEMO.CWAFCOBX_Scenario.00001: CWAFCOBXCase1.CWAFCOBX_RPTFILE_WRITE.00017: RPTFILE assertion" name="00013: Check for FILLER4"/>
    <testcase classname="DEMO.CWAFCOBX_Scenario.00001: CWAFCOBXCase1.CWAFCOBX_RPTFILE_WRITE.00017: RPTFILE assertion" name="00014: Check for EMP_DTL_YRS_OF_SERVICE"/>
    <testcase classname="DEMO.CWAFCOBX_Scenario.00001: CWAFCOBXCase1.CWAFCOBX_RPTFILE_WRITE.00017: RPTFILE assertion" name="00015: Check for FILLER5"/>
    <testcase classname="DEMO.CWAFCOBX_Scenario.00001: CWAFCOBXCase1.CWAFCOBX_RPTFILE_WRITE.00017: RPTFILE assertion" name="00016: Check for EMP_DTL_WAGES"/>
    <testcase classname="DEMO.CWAFCOBX_Scenario.00001: CWAFCOBXCase1.CWAFCOBX_RPTFILE_WRITE.00017: RPTFILE assertion" name="00017: Check for FILLER6"/>
    <testcase classname="DEMO.CWAFCOBX_Scenario.00001: CWAFCOBXCase1.CWAFCOBX_RPTFILE_WRITE.00017: RPTFILE assertion" name="00018: Check for EMP_DTL_OT"/>
    <testcase classname="DEMO.CWAFCOBX_Scenario.00001: CWAFCOBXCase1.CWAFCOBX_RPTFILE_WRITE.00017: RPTFILE assertion" name="00019: Check for FILLER7"/>
    <testcase classname="DEMO.CWAFCOBX_Scenario.00001: CWAFCOBXCase1.CWAFCOBX_RPTFILE_WRITE.00017: RPTFILE assertion" name="00020: Check for EMP_DTL_COMM"/>
    <testcase classname="DEMO.CWAFCOBX_Scenario.00001: CWAFCOBXCase1.CWAFCOBX_RPTFILE_WRITE.00017: RPTFILE assertion" name="00021: Check for FILLER8"/>
    <testcase classname="DEMO.CWAFCOBX_Scenario.00001: CWAFCOBXCase1.CWAFCOBX_RPTFILE_WRITE.00017: RPTFILE assertion" name="00022: Check for EMP_DTL_TOTAL"/>
  </testsuite>
  <testsuite errors="0" failures="0" name="DEMO.CWAFCOBX_Scenario.00001: CWAFCOBXCase1.CWAFCOBX_RPTFILE_WRITE.00018: RPTFILE assertion" tests="239">
    <testcase classname="DEMO.CWAFCOBX_Scenario.00001: CWAFCOBXCase1.CWAFCOBX_RPTFILE_WRITE.00018: RPTFILE assertion" name="00001: Check for FILLER0"/>
    <testcase classname="DEMO.CWAFCOBX_Scenario.00001: CWAFCOBXCase1.CWAFCOBX_RPTFILE_WRITE.00018: RPTFILE assertion" name="00002: Check for EMP_DTL_NAME"/>
    <testcase classname="DEMO.CWAFCOBX_Scenario.00001: CWAFCOBXCase1.CWAFCOBX_RPTFILE_WRITE.00018: RPTFILE assertion" name="00003: Check for FILLER1"/>
    <testcase classname="DEMO.CWAFCOBX_Scenario.00001: CWAFCOBXCase1.CWAFCOBX_RPTFILE_WRITE.00018: RPTFILE assertion" name="00004: Check for EMP_DTL_REGION"/>
    <testcase classname="DEMO.CWAFCOBX_Scenario.00001: CWAFCOBXCase1.CWAFCOBX_RPTFILE_WRITE.00018: RPTFILE assertion" name="00005: Check for FILLER2"/>
    <testcase classname="DEMO.CWAFCOBX_Scenario.00001: CWAFCOBXCase1.CWAFCOBX_RPTFILE_WRITE.00018: RPTFILE assertion" name="00006: Check for EMP_DTL_TYPE"/>
    <testcase classname="DEMO.CWAFCOBX_Scenario.00001: CWAFCOBXCase1.CWAFCOBX_RPTFILE_WRITE.00018: RPTFILE assertion" name="00007: Check for FILLER3"/>
    <testcase classname="DEMO.CWAFCOBX_Scenario.00001: CWAFCOBXCase1.CWAFCOBX_RPTFILE_WRITE.00018: RPTFILE assertion" name="00008: Check for EMP_DTL_HIRE_MM"/>
    <testcase classname="DEMO.CWAFCOBX_Scenario.00001: CWAFCOBXCase1.CWAFCOBX_RPTFILE_WRITE.00018: RPTFILE assertion" name="00009: Check for EMP_DTL_SLASH1"/>
    <testcase classname="DEMO.CWAFCOBX_Scenario.00001: CWAFCOBXCase1.CWAFCOBX_RPTFILE_WRITE.00018: RPTFILE assertion" name="00010: Check for EMP_DTL_HIRE_DD"/>
    <testcase classname="DEMO.CWAFCOBX_Scenario.00001: CWAFCOBXCase1.CWAFCOBX_RPTFILE_WRITE.00018: RPTFILE assertion" name="00011: Check for EMP_DTL_SLASH2"/>
    <testcase classname="DEMO.CWAFCOBX_Scenario.00001: CWAFCOBXCase1.CWAFCOBX_RPTFILE_WRITE.00018: RPTFILE assertion" name="00012: Check for EMP_DTL_HIRE_YY"/>
    <testcase classname="DEMO.CWAFCOBX_Scenario.00001: CWAFCOBXCase1.CWAFCOBX_RPTFILE_WRITE.00018: RPTFILE assertion" name="00013: Check for FILLER4"/>
    <testcase classname="DEMO.CWAFCOBX_Scenario.00001: CWAFCOBXCase1.CWAFCOBX_RPTFILE_WRITE.00018: RPTFILE assertion" name="00014: Check for EMP_DTL_YRS_OF_SERVICE"/>
    <testcase classname="DEMO.CWAFCOBX_Scenario.00001: CWAFCOBXCase1.CWAFCOBX_RPTFILE_WRITE.00018: RPTFILE assertion" name="00015: Check for FILLER5"/>
    <testcase classname="DEMO.CWAFCOBX_Scenario.00001: CWAFCOBXCase1.CWAFCOBX_RPTFILE_WRITE.00018: RPTFILE assertion" name="00016: Check for EMP_DTL_WAGES"/>
    <testcase classname="DEMO.CWAFCOBX_Scenario.00001: CWAFCOBXCase1.CWAFCOBX_RPTFILE_WRITE.00018: RPTFILE assertion" name="00017: Check for FILLER6"/>
    <testcase classname="DEMO.CWAFCOBX_Scenario.00001: CWAFCOBXCase1.CWAFCOBX_RPTFILE_WRITE.00018: RPTFILE assertion" name="00018: Check for EMP_DTL_OT"/>
    <testcase classname="DEMO.CWAFCOBX_Scenario.00001: CWAFCOBXCase1.CWAFCOBX_RPTFILE_WRITE.00018: RPTFILE assertion" name="00019: Check for FILLER7"/>
    <testcase classname="DEMO.CWAFCOBX_Scenario.00001: CWAFCOBXCase1.CWAFCOBX_RPTFILE_WRITE.00018: RPTFILE assertion" name="00020: Check for EMP_DTL_COMM"/>
    <testcase classname="DEMO.CWAFCOBX_Scenario.00001: CWAFCOBXCase1.CWAFCOBX_RPTFILE_WRITE.00018: RPTFILE assertion" name="00021: Check for FILLER8"/>
    <testcase classname="DEMO.CWAFCOBX_Scenario.00001: CWAFCOBXCase1.CWAFCOBX_RPTFILE_WRITE.00018: RPTFILE assertion" name="00022: Check for EMP_DTL_TOTAL"/>
  </testsuite>
  <testsuite errors="0" failures="0" name="DEMO.CWAFCOBX_Scenario.00001: CWAFCOBXCase1.CWAFCOBX_RPTFILE_WRITE.00019: RPTFILE assertion" tests="261">
    <testcase classname="DEMO.CWAFCOBX_Scenario.00001: CWAFCOBXCase1.CWAFCOBX_RPTFILE_WRITE.00019: RPTFILE assertion" name="00001: Check for FILLER0"/>
    <testcase classname="DEMO.CWAFCOBX_Scenario.00001: CWAFCOBXCase1.CWAFCOBX_RPTFILE_WRITE.00019: RPTFILE assertion" name="00002: Check for EMP_DTL_NAME"/>
    <testcase classname="DEMO.CWAFCOBX_Scenario.00001: CWAFCOBXCase1.CWAFCOBX_RPTFILE_WRITE.00019: RPTFILE assertion" name="00003: Check for FILLER1"/>
    <testcase classname="DEMO.CWAFCOBX_Scenario.00001: CWAFCOBXCase1.CWAFCOBX_RPTFILE_WRITE.00019: RPTFILE assertion" name="00004: Check for EMP_DTL_REGION"/>
    <testcase classname="DEMO.CWAFCOBX_Scenario.00001: CWAFCOBXCase1.CWAFCOBX_RPTFILE_WRITE.00019: RPTFILE assertion" name="00005: Check for FILLER2"/>
    <testcase classname="DEMO.CWAFCOBX_Scenario.00001: CWAFCOBXCase1.CWAFCOBX_RPTFILE_WRITE.00019: RPTFILE assertion" name="00006: Check for EMP_DTL_TYPE"/>
    <testcase classname="DEMO.CWAFCOBX_Scenario.00001: CWAFCOBXCase1.CWAFCOBX_RPTFILE_WRITE.00019: RPTFILE assertion" name="00007: Check for FILLER3"/>
    <testcase classname="DEMO.CWAFCOBX_Scenario.00001: CWAFCOBXCase1.CWAFCOBX_RPTFILE_WRITE.00019: RPTFILE assertion" name="00008: Check for EMP_DTL_HIRE_MM"/>
    <testcase classname="DEMO.CWAFCOBX_Scenario.00001: CWAFCOBXCase1.CWAFCOBX_RPTFILE_WRITE.00019: RPTFILE assertion" name="00009: Check for EMP_DTL_SLASH1"/>
    <testcase classname="DEMO.CWAFCOBX_Scenario.00001: CWAFCOBXCase1.CWAFCOBX_RPTFILE_WRITE.00019: RPTFILE assertion" name="00010: Check for EMP_DTL_HIRE_DD"/>
    <testcase classname="DEMO.CWAFCOBX_Scenario.00001: CWAFCOBXCase1.CWAFCOBX_RPTFILE_WRITE.00019: RPTFILE assertion" name="00011: Check for EMP_DTL_SLASH2"/>
    <testcase classname="DEMO.CWAFCOBX_Scenario.00001: CWAFCOBXCase1.CWAFCOBX_RPTFILE_WRITE.00019: RPTFILE assertion" name="00012: Check for EMP_DTL_HIRE_YY"/>
    <testcase classname="DEMO.CWAFCOBX_Scenario.00001: CWAFCOBXCase1.CWAFCOBX_RPTFILE_WRITE.00019: RPTFILE assertion" name="00013: Check for FILLER4"/>
    <testcase classname="DEMO.CWAFCOBX_Scenario.00001: CWAFCOBXCase1.CWAFCOBX_RPTFILE_WRITE.00019: RPTFILE assertion" name="00014: Check for EMP_DTL_YRS_OF_SERVICE"/>
    <testcase classname="DEMO.CWAFCOBX_Scenario.00001: CWAFCOBXCase1.CWAFCOBX_RPTFILE_WRITE.00019: RPTFILE assertion" name="00015: Check for FILLER5"/>
    <testcase classname="DEMO.CWAFCOBX_Scenario.00001: CWAFCOBXCase1.CWAFCOBX_RPTFILE_WRITE.00019: RPTFILE assertion" name="00016: Check for EMP_DTL_WAGES"/>
    <testcase classname="DEMO.CWAFCOBX_Scenario.00001: CWAFCOBXCase1.CWAFCOBX_RPTFILE_WRITE.00019: RPTFILE assertion" name="00017: Check for FILLER6"/>
    <testcase classname="DEMO.CWAFCOBX_Scenario.00001: CWAFCOBXCase1.CWAFCOBX_RPTFILE_WRITE.00019: RPTFILE assertion" name="00018: Check for EMP_DTL_OT"/>
    <testcase classname="DEMO.CWAFCOBX_Scenario.00001: CWAFCOBXCase1.CWAFCOBX_RPTFILE_WRITE.00019: RPTFILE assertion" name="00019: Check for FILLER7"/>
    <testcase classname="DEMO.CWAFCOBX_Scenario.00001: CWAFCOBXCase1.CWAFCOBX_RPTFILE_WRITE.00019: RPTFILE assertion" name="00020: Check for EMP_DTL_COMM"/>
    <testcase classname="DEMO.CWAFCOBX_Scenario.00001: CWAFCOBXCase1.CWAFCOBX_RPTFILE_WRITE.00019: RPTFILE assertion" name="00021: Check for FILLER8"/>
    <testcase classname="DEMO.CWAFCOBX_Scenario.00001: CWAFCOBXCase1.CWAFCOBX_RPTFILE_WRITE.00019: RPTFILE assertion" name="00022: Check for EMP_DTL_TOTAL"/>
  </testsuite>
  <testsuite errors="0" failures="0" name="DEMO.CWAFCOBX_Scenario.00001: CWAFCOBXCase1.CWAFCOBX_RPTFILE_WRITE.00020: RPTFILE assertion" tests="283">
    <testcase classname="DEMO.CWAFCOBX_Scenario.00001: CWAFCOBXCase1.CWAFCOBX_RPTFILE_WRITE.00020: RPTFILE assertion" name="00001: Check for FILLER0"/>
    <testcase classname="DEMO.CWAFCOBX_Scenario.00001: CWAFCOBXCase1.CWAFCOBX_RPTFILE_WRITE.00020: RPTFILE assertion" name="00002: Check for EMP_DTL_NAME"/>
    <testcase classname="DEMO.CWAFCOBX_Scenario.00001: CWAFCOBXCase1.CWAFCOBX_RPTFILE_WRITE.00020: RPTFILE assertion" name="00003: Check for FILLER1"/>
    <testcase classname="DEMO.CWAFCOBX_Scenario.00001: CWAFCOBXCase1.CWAFCOBX_RPTFILE_WRITE.00020: RPTFILE assertion" name="00004: Check for EMP_DTL_REGION"/>
    <testcase classname="DEMO.CWAFCOBX_Scenario.00001: CWAFCOBXCase1.CWAFCOBX_RPTFILE_WRITE.00020: RPTFILE assertion" name="00005: Check for FILLER2"/>
    <testcase classname="DEMO.CWAFCOBX_Scenario.00001: CWAFCOBXCase1.CWAFCOBX_RPTFILE_WRITE.00020: RPTFILE assertion" name="00006: Check for EMP_DTL_TYPE"/>
    <testcase classname="DEMO.CWAFCOBX_Scenario.00001: CWAFCOBXCase1.CWAFCOBX_RPTFILE_WRITE.00020: RPTFILE assertion" name="00007: Check for FILLER3"/>
    <testcase classname="DEMO.CWAFCOBX_Scenario.00001: CWAFCOBXCase1.CWAFCOBX_RPTFILE_WRITE.00020: RPTFILE assertion" name="00008: Check for EMP_DTL_HIRE_MM"/>
    <testcase classname="DEMO.CWAFCOBX_Scenario.00001: CWAFCOBXCase1.CWAFCOBX_RPTFILE_WRITE.00020: RPTFILE assertion" name="00009: Check for EMP_DTL_SLASH1"/>
    <testcase classname="DEMO.CWAFCOBX_Scenario.00001: CWAFCOBXCase1.CWAFCOBX_RPTFILE_WRITE.00020: RPTFILE assertion" name="00010: Check for EMP_DTL_HIRE_DD"/>
    <testcase classname="DEMO.CWAFCOBX_Scenario.00001: CWAFCOBXCase1.CWAFCOBX_RPTFILE_WRITE.00020: RPTFILE assertion" name="00011: Check for EMP_DTL_SLASH2"/>
    <testcase classname="DEMO.CWAFCOBX_Scenario.00001: CWAFCOBXCase1.CWAFCOBX_RPTFILE_WRITE.00020: RPTFILE assertion" name="00012: Check for EMP_DTL_HIRE_YY"/>
    <testcase classname="DEMO.CWAFCOBX_Scenario.00001: CWAFCOBXCase1.CWAFCOBX_RPTFILE_WRITE.00020: RPTFILE assertion" name="00013: Check for FILLER4"/>
    <testcase classname="DEMO.CWAFCOBX_Scenario.00001: CWAFCOBXCase1.CWAFCOBX_RPTFILE_WRITE.00020: RPTFILE assertion" name="00014: Check for EMP_DTL_YRS_OF_SERVICE"/>
    <testcase classname="DEMO.CWAFCOBX_Scenario.00001: CWAFCOBXCase1.CWAFCOBX_RPTFILE_WRITE.00020: RPTFILE assertion" name="00015: Check for FILLER5"/>
    <testcase classname="DEMO.CWAFCOBX_Scenario.00001: CWAFCOBXCase1.CWAFCOBX_RPTFILE_WRITE.00020: RPTFILE assertion" name="00016: Check for EMP_DTL_WAGES"/>
    <testcase classname="DEMO.CWAFCOBX_Scenario.00001: CWAFCOBXCase1.CWAFCOBX_RPTFILE_WRITE.00020: RPTFILE assertion" name="00017: Check for FILLER6"/>
    <testcase classname="DEMO.CWAFCOBX_Scenario.00001: CWAFCOBXCase1.CWAFCOBX_RPTFILE_WRITE.00020: RPTFILE assertion" name="00018: Check for EMP_DTL_OT"/>
    <testcase classname="DEMO.CWAFCOBX_Scenario.00001: CWAFCOBXCase1.CWAFCOBX_RPTFILE_WRITE.00020: RPTFILE assertion" name="00019: Check for FILLER7"/>
    <testcase classname="DEMO.CWAFCOBX_Scenario.00001: CWAFCOBXCase1.CWAFCOBX_RPTFILE_WRITE.00020: RPTFILE assertion" name="00020: Check for EMP_DTL_COMM"/>
    <testcase classname="DEMO.CWAFCOBX_Scenario.00001: CWAFCOBXCase1.CWAFCOBX_RPTFILE_WRITE.00020: RPTFILE assertion" name="00021: Check for FILLER8"/>
    <testcase classname="DEMO.CWAFCOBX_Scenario.00001: CWAFCOBXCase1.CWAFCOBX_RPTFILE_WRITE.00020: RPTFILE assertion" name="00022: Check for EMP_DTL_TOTAL"/>
  </testsuite>
  <testsuite errors="0" failures="0" name="DEMO.CWAFCOBX_Scenario.00001: CWAFCOBXCase1.CWAFCOBX_RPTFILE_WRITE.00021: RPTFILE assertion" tests="305">
    <testcase classname="DEMO.CWAFCOBX_Scenario.00001: CWAFCOBXCase1.CWAFCOBX_RPTFILE_WRITE.00021: RPTFILE assertion" name="00001: Check for FILLER0"/>
    <testcase classname="DEMO.CWAFCOBX_Scenario.00001: CWAFCOBXCase1.CWAFCOBX_RPTFILE_WRITE.00021: RPTFILE assertion" name="00002: Check for EMP_DTL_NAME"/>
    <testcase classname="DEMO.CWAFCOBX_Scenario.00001: CWAFCOBXCase1.CWAFCOBX_RPTFILE_WRITE.00021: RPTFILE assertion" name="00003: Check for FILLER1"/>
    <testcase classname="DEMO.CWAFCOBX_Scenario.00001: CWAFCOBXCase1.CWAFCOBX_RPTFILE_WRITE.00021: RPTFILE assertion" name="00004: Check for EMP_DTL_REGION"/>
    <testcase classname="DEMO.CWAFCOBX_Scenario.00001: CWAFCOBXCase1.CWAFCOBX_RPTFILE_WRITE.00021: RPTFILE assertion" name="00005: Check for FILLER2"/>
    <testcase classname="DEMO.CWAFCOBX_Scenario.00001: CWAFCOBXCase1.CWAFCOBX_RPTFILE_WRITE.00021: RPTFILE assertion" name="00006: Check for EMP_DTL_TYPE"/>
    <testcase classname="DEMO.CWAFCOBX_Scenario.00001: CWAFCOBXCase1.CWAFCOBX_RPTFILE_WRITE.00021: RPTFILE assertion" name="00007: Check for FILLER3"/>
    <testcase classname="DEMO.CWAFCOBX_Scenario.00001: CWAFCOBXCase1.CWAFCOBX_RPTFILE_WRITE.00021: RPTFILE assertion" name="00008: Check for EMP_DTL_HIRE_MM"/>
    <testcase classname="DEMO.CWAFCOBX_Scenario.00001: CWAFCOBXCase1.CWAFCOBX_RPTFILE_WRITE.00021: RPTFILE assertion" name="00009: Check for EMP_DTL_SLASH1"/>
    <testcase classname="DEMO.CWAFCOBX_Scenario.00001: CWAFCOBXCase1.CWAFCOBX_RPTFILE_WRITE.00021: RPTFILE assertion" name="00010: Check for EMP_DTL_HIRE_DD"/>
    <testcase classname="DEMO.CWAFCOBX_Scenario.00001: CWAFCOBXCase1.CWAFCOBX_RPTFILE_WRITE.00021: RPTFILE assertion" name="00011: Check for EMP_DTL_SLASH2"/>
    <testcase classname="DEMO.CWAFCOBX_Scenario.00001: CWAFCOBXCase1.CWAFCOBX_RPTFILE_WRITE.00021: RPTFILE assertion" name="00012: Check for EMP_DTL_HIRE_YY"/>
    <testcase classname="DEMO.CWAFCOBX_Scenario.00001: CWAFCOBXCase1.CWAFCOBX_RPTFILE_WRITE.00021: RPTFILE assertion" name="00013: Check for FILLER4"/>
    <testcase classname="DEMO.CWAFCOBX_Scenario.00001: CWAFCOBXCase1.CWAFCOBX_RPTFILE_WRITE.00021: RPTFILE assertion" name="00014: Check for EMP_DTL_YRS_OF_SERVICE"/>
    <testcase classname="DEMO.CWAFCOBX_Scenario.00001: CWAFCOBXCase1.CWAFCOBX_RPTFILE_WRITE.00021: RPTFILE assertion" name="00015: Check for FILLER5"/>
    <testcase classname="DEMO.CWAFCOBX_Scenario.00001: CWAFCOBXCase1.CWAFCOBX_RPTFILE_WRITE.00021: RPTFILE assertion" name="00016: Check for EMP_DTL_WAGES"/>
    <testcase classname="DEMO.CWAFCOBX_Scenario.00001: CWAFCOBXCase1.CWAFCOBX_RPTFILE_WRITE.00021: RPTFILE assertion" name="00017: Check for FILLER6"/>
    <testcase classname="DEMO.CWAFCOBX_Scenario.00001: CWAFCOBXCase1.CWAFCOBX_RPTFILE_WRITE.00021: RPTFILE assertion" name="00018: Check for EMP_DTL_OT"/>
    <testcase classname="DEMO.CWAFCOBX_Scenario.00001: CWAFCOBXCase1.CWAFCOBX_RPTFILE_WRITE.00021: RPTFILE assertion" name="00019: Check for FILLER7"/>
    <testcase classname="DEMO.CWAFCOBX_Scenario.00001: CWAFCOBXCase1.CWAFCOBX_RPTFILE_WRITE.00021: RPTFILE assertion" name="00020: Check for EMP_DTL_COMM"/>
    <testcase classname="DEMO.CWAFCOBX_Scenario.00001: CWAFCOBXCase1.CWAFCOBX_RPTFILE_WRITE.00021: RPTFILE assertion" name="00021: Check for FILLER8"/>
    <testcase classname="DEMO.CWAFCOBX_Scenario.00001: CWAFCOBXCase1.CWAFCOBX_RPTFILE_WRITE.00021: RPTFILE assertion" name="00022: Check for EMP_DTL_TOTAL"/>
  </testsuite>
  <testsuite errors="0" failures="0" name="DEMO.CWAFCOBX_Scenario.00001: CWAFCOBXCase1.CWAFCOBX_RPTFILE_WRITE.00022: RPTFILE assertion" tests="327">
    <testcase classname="DEMO.CWAFCOBX_Scenario.00001: CWAFCOBXCase1.CWAFCOBX_RPTFILE_WRITE.00022: RPTFILE assertion" name="00001: Check for FILLER0"/>
    <testcase classname="DEMO.CWAFCOBX_Scenario.00001: CWAFCOBXCase1.CWAFCOBX_RPTFILE_WRITE.00022: RPTFILE assertion" name="00002: Check for EMP_DTL_NAME"/>
    <testcase classname="DEMO.CWAFCOBX_Scenario.00001: CWAFCOBXCase1.CWAFCOBX_RPTFILE_WRITE.00022: RPTFILE assertion" name="00003: Check for FILLER1"/>
    <testcase classname="DEMO.CWAFCOBX_Scenario.00001: CWAFCOBXCase1.CWAFCOBX_RPTFILE_WRITE.00022: RPTFILE assertion" name="00004: Check for EMP_DTL_REGION"/>
    <testcase classname="DEMO.CWAFCOBX_Scenario.00001: CWAFCOBXCase1.CWAFCOBX_RPTFILE_WRITE.00022: RPTFILE assertion" name="00005: Check for FILLER2"/>
    <testcase classname="DEMO.CWAFCOBX_Scenario.00001: CWAFCOBXCase1.CWAFCOBX_RPTFILE_WRITE.00022: RPTFILE assertion" name="00006: Check for EMP_DTL_TYPE"/>
    <testcase classname="DEMO.CWAFCOBX_Scenario.00001: CWAFCOBXCase1.CWAFCOBX_RPTFILE_WRITE.00022: RPTFILE assertion" name="00007: Check for FILLER3"/>
    <testcase classname="DEMO.CWAFCOBX_Scenario.00001: CWAFCOBXCase1.CWAFCOBX_RPTFILE_WRITE.00022: RPTFILE assertion" name="00008: Check for EMP_DTL_HIRE_MM"/>
    <testcase classname="DEMO.CWAFCOBX_Scenario.00001: CWAFCOBXCase1.CWAFCOBX_RPTFILE_WRITE.00022: RPTFILE assertion" name="00009: Check for EMP_DTL_SLASH1"/>
    <testcase classname="DEMO.CWAFCOBX_Scenario.00001: CWAFCOBXCase1.CWAFCOBX_RPTFILE_WRITE.00022: RPTFILE assertion" name="00010: Check for EMP_DTL_HIRE_DD"/>
    <testcase classname="DEMO.CWAFCOBX_Scenario.00001: CWAFCOBXCase1.CWAFCOBX_RPTFILE_WRITE.00022: RPTFILE assertion" name="00011: Check for EMP_DTL_SLASH2"/>
    <testcase classname="DEMO.CWAFCOBX_Scenario.00001: CWAFCOBXCase1.CWAFCOBX_RPTFILE_WRITE.00022: RPTFILE assertion" name="00012: Check for EMP_DTL_HIRE_YY"/>
    <testcase classname="DEMO.CWAFCOBX_Scenario.00001: CWAFCOBXCase1.CWAFCOBX_RPTFILE_WRITE.00022: RPTFILE assertion" name="00013: Check for FILLER4"/>
    <testcase classname="DEMO.CWAFCOBX_Scenario.00001: CWAFCOBXCase1.CWAFCOBX_RPTFILE_WRITE.00022: RPTFILE assertion" name="00014: Check for EMP_DTL_YRS_OF_SERVICE"/>
    <testcase classname="DEMO.CWAFCOBX_Scenario.00001: CWAFCOBXCase1.CWAFCOBX_RPTFILE_WRITE.00022: RPTFILE assertion" name="00015: Check for FILLER5"/>
    <testcase classname="DEMO.CWAFCOBX_Scenario.00001: CWAFCOBXCase1.CWAFCOBX_RPTFILE_WRITE.00022: RPTFILE assertion" name="00016: Check for EMP_DTL_WAGES"/>
    <testcase classname="DEMO.CWAFCOBX_Scenario.00001: CWAFCOBXCase1.CWAFCOBX_RPTFILE_WRITE.00022: RPTFILE assertion" name="00017: Check for FILLER6"/>
    <testcase classname="DEMO.CWAFCOBX_Scenario.00001: CWAFCOBXCase1.CWAFCOBX_RPTFILE_WRITE.00022: RPTFILE assertion" name="00018: Check for EMP_DTL_OT"/>
    <testcase classname="DEMO.CWAFCOBX_Scenario.00001: CWAFCOBXCase1.CWAFCOBX_RPTFILE_WRITE.00022: RPTFILE assertion" name="00019: Check for FILLER7"/>
    <testcase classname="DEMO.CWAFCOBX_Scenario.00001: CWAFCOBXCase1.CWAFCOBX_RPTFILE_WRITE.00022: RPTFILE assertion" name="00020: Check for EMP_DTL_COMM"/>
    <testcase classname="DEMO.CWAFCOBX_Scenario.00001: CWAFCOBXCase1.CWAFCOBX_RPTFILE_WRITE.00022: RPTFILE assertion" name="00021: Check for FILLER8"/>
    <testcase classname="DEMO.CWAFCOBX_Scenario.00001: CWAFCOBXCase1.CWAFCOBX_RPTFILE_WRITE.00022: RPTFILE assertion" name="00022: Check for EMP_DTL_TOTAL"/>
  </testsuite>
  <testsuite errors="0" failures="0" name="DEMO.CWAFCOBX_Scenario.00001: CWAFCOBXCase1.CWAFCOBX_RPTFILE_WRITE.00023: RPTFILE assertion" tests="328">
    <testcase classname="DEMO.CWAFCOBX_Scenario.00001: CWAFCOBXCase1.CWAFCOBX_RPTFILE_WRITE.00023: RPTFILE assertion" name="00001: Check for BLANK_LINE"/>
  </testsuite>
  <testsuite errors="0" failures="0" name="DEMO.CWAFCOBX_Scenario.00001: CWAFCOBXCase1.CWAFCOBX_RPTFILE_WRITE.00024: RPTFILE assertion" tests="332">
    <testcase classname="DEMO.CWAFCOBX_Scenario.00001: CWAFCOBXCase1.CWAFCOBX_RPTFILE_WRITE.00024: RPTFILE assertion" name="00001: Check for FILLER0"/>
    <testcase classname="DEMO.CWAFCOBX_Scenario.00001: CWAFCOBXCase1.CWAFCOBX_RPTFILE_WRITE.00024: RPTFILE assertion" name="00002: Check for FILLER1"/>
    <testcase classname="DEMO.CWAFCOBX_Scenario.00001: CWAFCOBXCase1.CWAFCOBX_RPTFILE_WRITE.00024: RPTFILE assertion" name="00003: Check for FILLER2"/>
    <testcase classname="DEMO.CWAFCOBX_Scenario.00001: CWAFCOBXCase1.CWAFCOBX_RPTFILE_WRITE.00024: RPTFILE assertion" name="00004: Check for EMP_GRAND_TOTAL"/>
  </testsuite>
</testsuites>